<?xml version="1.0" encoding="UTF-8"?>
<coverage generated="1777614874289" clover="3.2.0">
  <project timestamp="1777614874289" name="All files">
    <metrics statements="366" coveredstatements="338" conditionals="249" coveredconditionals="216" methods="84" coveredmethods="72" elements="699" coveredelements="626" complexity="0" loc="366" ncloc="366" packages="4" files="10" classes="10"/>
    <package name="matpris">
      <metrics statements="39" coveredstatements="30" conditionals="6" coveredconditionals="5" methods="11" coveredmethods="5"/>
      <file name="App.js" path="/Users/erlend_samset/Kode prosjekter-----/MatbutikkPriserApp/matpris/App.js">
        <metrics statements="39" coveredstatements="30" conditionals="6" coveredconditionals="5" methods="11" coveredmethods="5"/>
        <line num="29" count="1" type="stmt"/>
        <line num="30" count="1" type="stmt"/>
        <line num="33" count="8" type="stmt"/>
        <line num="34" count="8" type="stmt"/>
        <line num="35" count="8" type="stmt"/>
        <line num="36" count="8" type="stmt"/>
        <line num="37" count="8" type="stmt"/>
        <line num="38" count="8" type="stmt"/>
        <line num="39" count="8" type="stmt"/>
        <line num="41" count="8" type="stmt"/>
        <line num="42" count="3" type="stmt"/>
        <line num="44" count="3" type="stmt"/>
        <line num="45" count="3" type="cond" truecount="1" falsecount="1"/>
        <line num="46" count="3" type="stmt"/>
        <line num="47" count="3" type="stmt"/>
        <line num="50" count="3" type="stmt"/>
        <line num="51" count="2" type="stmt"/>
        <line num="52" count="2" type="stmt"/>
        <line num="55" count="3" type="stmt"/>
        <line num="56" count="3" type="stmt"/>
        <line num="57" count="3" type="stmt"/>
        <line num="61" count="8" type="stmt"/>
        <line num="62" count="0" type="stmt"/>
        <line num="63" count="0" type="stmt"/>
        <line num="64" count="0" type="stmt"/>
        <line num="67" count="8" type="stmt"/>
        <line num="68" count="0" type="stmt"/>
        <line num="69" count="0" type="stmt"/>
        <line num="70" count="0" type="stmt"/>
        <line num="73" count="8" type="stmt"/>
        <line num="74" count="0" type="stmt"/>
        <line num="75" count="0" type="stmt"/>
        <line num="78" count="8" type="cond" truecount="2" falsecount="0"/>
        <line num="79" count="3" type="stmt"/>
        <line num="82" count="5" type="cond" truecount="2" falsecount="0"/>
        <line num="83" count="3" type="stmt"/>
        <line num="90" count="2" type="stmt"/>
        <line num="107" count="0" type="stmt"/>
        <line num="122" count="1" type="stmt"/>
      </file>
    </package>
    <package name="matpris.src.components">
      <metrics statements="31" coveredstatements="30" conditionals="27" coveredconditionals="27" methods="12" coveredmethods="11"/>
      <file name="BottomNav.js" path="/Users/erlend_samset/Kode prosjekter-----/MatbutikkPriserApp/matpris/src/components/BottomNav.js">
        <metrics statements="6" coveredstatements="6" conditionals="2" coveredconditionals="2" methods="3" coveredmethods="3"/>
        <line num="15" count="2" type="stmt"/>
        <line num="22" count="5" type="stmt"/>
        <line num="25" count="15" type="stmt"/>
        <line num="26" count="15" type="stmt"/>
        <line num="30" count="1" type="stmt"/>
        <line num="48" count="2" type="stmt"/>
      </file>
      <file name="ProductCard.js" path="/Users/erlend_samset/Kode prosjekter-----/MatbutikkPriserApp/matpris/src/components/ProductCard.js">
        <metrics statements="7" coveredstatements="7" conditionals="7" coveredconditionals="7" methods="1" coveredmethods="1"/>
        <line num="17" count="23" type="stmt"/>
        <line num="18" count="23" type="stmt"/>
        <line num="20" count="23" type="cond" truecount="2" falsecount="0"/>
        <line num="23" count="23" type="stmt"/>
        <line num="24" count="23" type="stmt"/>
        <line num="26" count="23" type="stmt"/>
        <line num="60" count="2" type="stmt"/>
      </file>
      <file name="ProductDetail.js" path="/Users/erlend_samset/Kode prosjekter-----/MatbutikkPriserApp/matpris/src/components/ProductDetail.js">
        <metrics statements="11" coveredstatements="10" conditionals="14" coveredconditionals="14" methods="4" coveredmethods="3"/>
        <line num="19" count="21" type="cond" truecount="2" falsecount="0"/>
        <line num="21" count="4" type="stmt"/>
        <line num="22" count="4" type="stmt"/>
        <line num="23" count="8" type="stmt"/>
        <line num="25" count="4" type="stmt"/>
        <line num="28" count="0" type="stmt"/>
        <line num="61" count="12" type="stmt"/>
        <line num="62" count="12" type="stmt"/>
        <line num="63" count="12" type="stmt"/>
        <line num="65" count="12" type="stmt"/>
        <line num="103" count="2" type="stmt"/>
      </file>
      <file name="StoreFilter.js" path="/Users/erlend_samset/Kode prosjekter-----/MatbutikkPriserApp/matpris/src/components/StoreFilter.js">
        <metrics statements="7" coveredstatements="7" conditionals="4" coveredconditionals="4" methods="4" coveredmethods="4"/>
        <line num="15" count="1" type="stmt"/>
        <line num="17" count="9" type="stmt"/>
        <line num="21" count="17" type="stmt"/>
        <line num="29" count="170" type="stmt"/>
        <line num="30" count="170" type="stmt"/>
        <line num="34" count="1" type="stmt"/>
        <line num="46" count="1" type="stmt"/>
      </file>
    </package>
    <package name="matpris.src.screens">
      <metrics statements="177" coveredstatements="169" conditionals="113" coveredconditionals="98" methods="40" coveredmethods="36"/>
      <file name="HomeScreen.js" path="/Users/erlend_samset/Kode prosjekter-----/MatbutikkPriserApp/matpris/src/screens/HomeScreen.js">
        <metrics statements="35" coveredstatements="30" conditionals="18" coveredconditionals="16" methods="10" coveredmethods="8"/>
        <line num="27" count="17" type="stmt"/>
        <line num="28" count="17" type="stmt"/>
        <line num="29" count="17" type="stmt"/>
        <line num="30" count="17" type="stmt"/>
        <line num="31" count="17" type="stmt"/>
        <line num="32" count="17" type="stmt"/>
        <line num="34" count="17" type="stmt"/>
        <line num="36" count="17" type="stmt"/>
        <line num="37" count="6" type="stmt"/>
        <line num="38" count="6" type="stmt"/>
        <line num="42" count="6" type="cond" truecount="1" falsecount="1"/>
        <line num="43" count="0" type="stmt"/>
        <line num="44" count="0" type="stmt"/>
        <line num="45" count="0" type="stmt"/>
        <line num="48" count="6" type="stmt"/>
        <line num="49" count="6" type="stmt"/>
        <line num="50" count="18" type="stmt"/>
        <line num="51" count="18" type="cond" truecount="1" falsecount="1"/>
        <line num="52" count="18" type="cond" truecount="2" falsecount="0"/>
        <line num="53" count="12" type="stmt"/>
        <line num="55" count="18" type="stmt"/>
        <line num="58" count="6" type="stmt"/>
        <line num="59" count="6" type="stmt"/>
        <line num="62" count="17" type="stmt"/>
        <line num="63" count="17" type="stmt"/>
        <line num="67" count="17" type="stmt"/>
        <line num="73" count="17" type="cond" truecount="2" falsecount="0"/>
        <line num="77" count="17" type="stmt"/>
        <line num="107" count="51" type="stmt"/>
        <line num="110" count="2" type="stmt"/>
        <line num="128" count="26" type="stmt"/>
        <line num="132" count="19" type="stmt"/>
        <line num="135" count="0" type="stmt"/>
        <line num="156" count="0" type="stmt"/>
        <line num="162" count="1" type="stmt"/>
      </file>
      <file name="ScanScreen.js" path="/Users/erlend_samset/Kode prosjekter-----/MatbutikkPriserApp/matpris/src/screens/ScanScreen.js">
        <metrics statements="142" coveredstatements="139" conditionals="95" coveredconditionals="82" methods="30" coveredmethods="28"/>
        <line num="28" count="1" type="stmt"/>
        <line num="29" count="1" type="stmt"/>
        <line num="30" count="1" type="stmt"/>
        <line num="31" count="1" type="stmt"/>
        <line num="32" count="1" type="stmt"/>
        <line num="34" count="1" type="stmt"/>
        <line num="35" count="15" type="stmt"/>
        <line num="38" count="3" type="stmt"/>
        <line num="39" count="120" type="cond" truecount="2" falsecount="0"/>
        <line num="40" count="18" type="stmt"/>
        <line num="41" count="3" type="stmt"/>
        <line num="42" count="17" type="stmt"/>
        <line num="43" count="85" type="cond" truecount="2" falsecount="0"/>
        <line num="44" count="3" type="stmt"/>
        <line num="48" count="2" type="stmt"/>
        <line num="49" count="2" type="stmt"/>
        <line num="50" count="3" type="stmt"/>
        <line num="51" count="3" type="stmt"/>
        <line num="52" count="3" type="cond" truecount="4" falsecount="0"/>
        <line num="54" count="2" type="stmt"/>
        <line num="58" count="60" type="stmt"/>
        <line num="59" count="60" type="stmt"/>
        <line num="60" count="60" type="stmt"/>
        <line num="61" count="60" type="stmt"/>
        <line num="62" count="60" type="stmt"/>
        <line num="63" count="60" type="stmt"/>
        <line num="64" count="60" type="stmt"/>
        <line num="65" count="60" type="stmt"/>
        <line num="67" count="60" type="stmt"/>
        <line num="68" count="60" type="stmt"/>
        <line num="70" count="60" type="stmt"/>
        <line num="71" count="10" type="cond" truecount="1" falsecount="1"/>
        <line num="72" count="10" type="stmt"/>
        <line num="73" count="10" type="stmt"/>
        <line num="74" count="10" type="stmt"/>
        <line num="75" count="10" type="stmt"/>
        <line num="76" count="10" type="stmt"/>
        <line num="77" count="10" type="stmt"/>
        <line num="78" count="10" type="stmt"/>
        <line num="79" count="10" type="stmt"/>
        <line num="80" count="10" type="stmt"/>
        <line num="82" count="0" type="stmt"/>
        <line num="84" count="10" type="stmt"/>
        <line num="88" count="60" type="stmt"/>
        <line num="89" count="8" type="stmt"/>
        <line num="90" count="8" type="stmt"/>
        <line num="93" count="60" type="stmt"/>
        <line num="94" count="7" type="stmt"/>
        <line num="96" count="7" type="stmt"/>
        <line num="97" count="7" type="cond" truecount="2" falsecount="0"/>
        <line num="99" count="1" type="stmt"/>
        <line num="112" count="1" type="cond" truecount="3" falsecount="1"/>
        <line num="114" count="1" type="stmt"/>
        <line num="118" count="1" type="stmt"/>
        <line num="119" count="1" type="cond" truecount="1" falsecount="1"/>
        <line num="120" count="1" type="stmt"/>
        <line num="123" count="1" type="stmt"/>
        <line num="125" count="1" type="stmt"/>
        <line num="126" count="2" type="stmt"/>
        <line num="127" count="2" type="cond" truecount="2" falsecount="0"/>
        <line num="129" count="2" type="cond" truecount="2" falsecount="0"/>
        <line num="131" count="1" type="cond" truecount="1" falsecount="1"/>
        <line num="132" count="1" type="stmt"/>
        <line num="133" count="1" type="stmt"/>
        <line num="140" count="1" type="stmt"/>
        <line num="146" count="1" type="cond" truecount="1" falsecount="1"/>
        <line num="147" count="1" type="stmt"/>
        <line num="148" count="1" type="stmt"/>
        <line num="150" count="1" type="stmt"/>
        <line num="157" count="2" type="stmt"/>
        <line num="160" count="1" type="cond" truecount="1" falsecount="1"/>
        <line num="161" count="1" type="stmt"/>
        <line num="162" count="2" type="stmt"/>
        <line num="163" count="1" type="stmt"/>
        <line num="166" count="60" type="cond" truecount="1" falsecount="0"/>
        <line num="167" count="7" type="stmt"/>
        <line num="169" count="7" type="stmt"/>
        <line num="171" count="7" type="cond" truecount="2" falsecount="0"/>
        <line num="172" count="6" type="stmt"/>
        <line num="176" count="8" type="stmt"/>
        <line num="177" count="6" type="stmt"/>
        <line num="179" count="4" type="stmt"/>
        <line num="180" count="4" type="stmt"/>
        <line num="184" count="7" type="stmt"/>
        <line num="186" count="7" type="cond" truecount="4" falsecount="0"/>
        <line num="187" count="4" type="stmt"/>
        <line num="192" count="4" type="cond" truecount="3" falsecount="1"/>
        <line num="193" count="4" type="stmt"/>
        <line num="194" count="4" type="stmt"/>
        <line num="195" count="4" type="stmt"/>
        <line num="196" count="9" type="cond" truecount="2" falsecount="0"/>
        <line num="197" count="9" type="cond" truecount="2" falsecount="0"/>
        <line num="200" count="4" type="stmt"/>
        <line num="201" count="4" type="stmt"/>
        <line num="202" count="6" type="stmt"/>
        <line num="203" count="5" type="stmt"/>
        <line num="204" count="1" type="stmt"/>
        <line num="208" count="7" type="cond" truecount="2" falsecount="0"/>
        <line num="209" count="3" type="stmt"/>
        <line num="212" count="7" type="stmt"/>
        <line num="213" count="7" type="stmt"/>
        <line num="216" count="60" type="stmt"/>
        <line num="217" count="1" type="stmt"/>
        <line num="218" count="1" type="stmt"/>
        <line num="219" count="1" type="stmt"/>
        <line num="220" count="1" type="stmt"/>
        <line num="221" count="1" type="stmt"/>
        <line num="222" count="1" type="stmt"/>
        <line num="225" count="60" type="stmt"/>
        <line num="227" count="60" type="stmt"/>
        <line num="228" count="3" type="cond" truecount="1" falsecount="1"/>
        <line num="229" count="3" type="stmt"/>
        <line num="240" count="27" type="stmt"/>
        <line num="243" count="51" type="stmt"/>
        <line num="246" count="60" type="cond" truecount="2" falsecount="0"/>
        <line num="247" count="28" type="cond" truecount="2" falsecount="0"/>
        <line num="248" count="1" type="stmt"/>
        <line num="250" count="27" type="cond" truecount="2" falsecount="0"/>
        <line num="251" count="2" type="stmt"/>
        <line num="265" count="25" type="stmt"/>
        <line num="306" count="32" type="cond" truecount="2" falsecount="0"/>
        <line num="307" count="10" type="stmt"/>
        <line num="309" count="0" type="stmt"/>
        <line num="328" count="90" type="stmt"/>
        <line num="331" count="8" type="stmt"/>
        <line num="342" count="22" type="cond" truecount="2" falsecount="0"/>
        <line num="343" count="8" type="stmt"/>
        <line num="344" count="8" type="stmt"/>
        <line num="346" count="0" type="stmt"/>
        <line num="359" count="12" type="stmt"/>
        <line num="380" count="14" type="stmt"/>
        <line num="381" count="14" type="stmt"/>
        <line num="382" count="14" type="stmt"/>
        <line num="384" count="14" type="cond" truecount="5" falsecount="0"/>
        <line num="388" count="14" type="stmt"/>
        <line num="416" count="25" type="stmt"/>
        <line num="417" count="29" type="stmt"/>
        <line num="418" count="29" type="stmt"/>
        <line num="419" count="29" type="stmt"/>
        <line num="420" count="29" type="cond" truecount="3" falsecount="1"/>
        <line num="421" count="29" type="stmt"/>
        <line num="455" count="1" type="stmt"/>
      </file>
    </package>
    <package name="matpris.src.utils">
      <metrics statements="119" coveredstatements="109" conditionals="103" coveredconditionals="86" methods="21" coveredmethods="20"/>
      <file name="constants.js" path="/Users/erlend_samset/Kode prosjekter-----/MatbutikkPriserApp/matpris/src/utils/constants.js">
        <metrics statements="2" coveredstatements="2" conditionals="0" coveredconditionals="0" methods="0" coveredmethods="0"/>
        <line num="11" count="7" type="stmt"/>
        <line num="23" count="7" type="stmt"/>
      </file>
      <file name="helpers.js" path="/Users/erlend_samset/Kode prosjekter-----/MatbutikkPriserApp/matpris/src/utils/helpers.js">
        <metrics statements="14" coveredstatements="14" conditionals="20" coveredconditionals="16" methods="10" coveredmethods="10"/>
        <line num="15" count="29" type="stmt"/>
        <line num="16" count="57" type="cond" truecount="2" falsecount="0"/>
        <line num="27" count="23" type="stmt"/>
        <line num="28" count="23" type="stmt"/>
        <line num="29" count="36" type="cond" truecount="2" falsecount="0"/>
        <line num="33" count="23" type="stmt"/>
        <line num="34" count="38" type="stmt"/>
        <line num="35" count="37" type="cond" truecount="2" falsecount="0"/>
        <line num="36" count="32" type="cond" truecount="2" falsecount="0"/>
        <line num="38" count="21" type="cond" truecount="2" falsecount="0"/>
        <line num="39" count="18" type="cond" truecount="2" falsecount="0"/>
        <line num="43" count="62" type="stmt"/>
        <line num="45" count="4" type="stmt"/>
        <line num="46" count="44" type="cond" truecount="2" falsecount="0"/>
      </file>
      <file name="ocr.js" path="/Users/erlend_samset/Kode prosjekter-----/MatbutikkPriserApp/matpris/src/utils/ocr.js">
        <metrics statements="103" coveredstatements="93" conditionals="83" coveredconditionals="70" methods="11" coveredmethods="10"/>
        <line num="3" count="1" type="stmt"/>
        <line num="4" count="1" type="stmt"/>
        <line num="6" count="1" type="stmt"/>
        <line num="8" count="1" type="stmt"/>
        <line num="23" count="27" type="cond" truecount="2" falsecount="0"/>
        <line num="24" count="20" type="cond" truecount="2" falsecount="0"/>
        <line num="25" count="18" type="cond" truecount="2" falsecount="0"/>
        <line num="26" count="783" type="cond" truecount="2" falsecount="0"/>
        <line num="27" count="12" type="stmt"/>
        <line num="31" count="0" type="stmt"/>
        <line num="35" count="0" type="stmt"/>
        <line num="44" count="0" type="stmt"/>
        <line num="50" count="0" type="cond" truecount="0" falsecount="2"/>
        <line num="51" count="0" type="stmt"/>
        <line num="54" count="0" type="stmt"/>
        <line num="55" count="0" type="cond" truecount="0" falsecount="2"/>
        <line num="56" count="0" type="stmt"/>
        <line num="57" count="0" type="stmt"/>
        <line num="61" count="39" type="stmt"/>
        <line num="62" count="13" type="stmt"/>
        <line num="64" count="13" type="stmt"/>
        <line num="65" count="13" type="stmt"/>
        <line num="68" count="13" type="stmt"/>
        <line num="69" count="13" type="stmt"/>
        <line num="70" count="26" type="stmt"/>
        <line num="71" count="26" type="cond" truecount="2" falsecount="0"/>
        <line num="72" count="1" type="stmt"/>
        <line num="73" count="1" type="cond" truecount="1" falsecount="1"/>
        <line num="74" count="1" type="stmt"/>
        <line num="75" count="2" type="stmt"/>
        <line num="76" count="2" type="cond" truecount="2" falsecount="0"/>
        <line num="77" count="1" type="stmt"/>
        <line num="78" count="1" type="stmt"/>
        <line num="82" count="13" type="stmt"/>
        <line num="83" count="11" type="cond" truecount="2" falsecount="0"/>
        <line num="87" count="13" type="stmt"/>
        <line num="88" count="13" type="stmt"/>
        <line num="89" count="15" type="cond" truecount="4" falsecount="0"/>
        <line num="90" count="3" type="stmt"/>
        <line num="91" count="3" type="cond" truecount="2" falsecount="0"/>
        <line num="92" count="2" type="stmt"/>
        <line num="93" count="2" type="cond" truecount="1" falsecount="1"/>
        <line num="94" count="2" type="cond" truecount="2" falsecount="0"/>
        <line num="95" count="2" type="stmt"/>
        <line num="96" count="2" type="cond" truecount="2" falsecount="0"/>
        <line num="97" count="2" type="stmt"/>
        <line num="101" count="13" type="cond" truecount="2" falsecount="0"/>
        <line num="104" count="28" type="stmt"/>
        <line num="105" count="11" type="cond" truecount="2" falsecount="0"/>
        <line num="106" count="3" type="stmt"/>
        <line num="107" count="4" type="stmt"/>
        <line num="108" count="4" type="cond" truecount="1" falsecount="1"/>
        <line num="110" count="4" type="stmt"/>
        <line num="111" count="4" type="cond" truecount="2" falsecount="0"/>
        <line num="112" count="1" type="stmt"/>
        <line num="113" count="1" type="stmt"/>
        <line num="114" count="1" type="cond" truecount="3" falsecount="1"/>
        <line num="115" count="1" type="stmt"/>
        <line num="116" count="1" type="stmt"/>
        <line num="119" count="3" type="cond" truecount="3" falsecount="1"/>
        <line num="120" count="3" type="stmt"/>
        <line num="121" count="3" type="stmt"/>
        <line num="122" count="3" type="cond" truecount="3" falsecount="1"/>
        <line num="123" count="3" type="stmt"/>
        <line num="124" count="3" type="stmt"/>
        <line num="130" count="11" type="cond" truecount="2" falsecount="0"/>
        <line num="134" count="21" type="stmt"/>
        <line num="135" count="8" type="cond" truecount="2" falsecount="0"/>
        <line num="136" count="2" type="stmt"/>
        <line num="138" count="2" type="stmt"/>
        <line num="139" count="8" type="cond" truecount="3" falsecount="0"/>
        <line num="142" count="2" type="cond" truecount="1" falsecount="1"/>
        <line num="143" count="4" type="stmt"/>
        <line num="146" count="2" type="cond" truecount="2" falsecount="0"/>
        <line num="147" count="3" type="stmt"/>
        <line num="148" count="1" type="stmt"/>
        <line num="149" count="1" type="stmt"/>
        <line num="151" count="1" type="stmt"/>
        <line num="152" count="2" type="stmt"/>
        <line num="153" count="2" type="stmt"/>
        <line num="154" count="2" type="cond" truecount="1" falsecount="1"/>
        <line num="160" count="8" type="cond" truecount="2" falsecount="0"/>
        <line num="163" count="7" type="stmt"/>
        <line num="164" count="20" type="stmt"/>
        <line num="165" count="20" type="cond" truecount="2" falsecount="0"/>
        <line num="166" count="9" type="stmt"/>
        <line num="167" count="9" type="cond" truecount="2" falsecount="0"/>
        <line num="168" count="8" type="stmt"/>
        <line num="174" count="8" type="cond" truecount="2" falsecount="0"/>
        <line num="175" count="1" type="stmt"/>
        <line num="178" count="7" type="cond" truecount="2" falsecount="0"/>
        <line num="181" count="6" type="stmt"/>
        <line num="182" count="12" type="cond" truecount="2" falsecount="0"/>
        <line num="183" count="8" type="stmt"/>
        <line num="184" count="8" type="cond" truecount="2" falsecount="0"/>
        <line num="185" count="2" type="stmt"/>
        <line num="186" count="2" type="cond" truecount="1" falsecount="1"/>
        <line num="187" count="2" type="stmt"/>
        <line num="188" count="2" type="stmt"/>
        <line num="191" count="6" type="cond" truecount="2" falsecount="0"/>
        <line num="194" count="4" type="stmt"/>
        <line num="195" count="0" type="stmt"/>
        <line num="198" count="4" type="stmt"/>
      </file>
    </package>
  </project>
</coverage>
