{"/Users/erlend_samset/Kode prosjekter-----/MatbutikkPriserApp/matpris/App.js": {"path":"/Users/erlend_samset/Kode prosjekter-----/MatbutikkPriserApp/matpris/App.js","statementMap":{"0":{"start":{"line":29,"column":16},"end":{"line":29,"column":43}},"1":{"start":{"line":30,"column":18},"end":{"line":30,"column":42}},"2":{"start":{"line":33,"column":30},"end":{"line":33,"column":46}},"3":{"start":{"line":34,"column":34},"end":{"line":34,"column":46}},"4":{"start":{"line":35,"column":38},"end":{"line":35,"column":49}},"5":{"start":{"line":36,"column":32},"end":{"line":36,"column":46}},"6":{"start":{"line":37,"column":38},"end":{"line":37,"column":49}},"7":{"start":{"line":38,"column":40},"end":{"line":38,"column":54}},"8":{"start":{"line":39,"column":20},"end":{"line":39,"column":32}},"9":{"start":{"line":41,"column":2},"end":{"line":59,"column":9}},"10":{"start":{"line":42,"column":20},"end":{"line":42,"column":24}},"11":{"start":{"line":44,"column":4},"end":{"line":48,"column":7}},"12":{"start":{"line":45,"column":6},"end":{"line":45,"column":29}},"13":{"start":{"line":45,"column":22},"end":{"line":45,"column":29}},"14":{"start":{"line":46,"column":6},"end":{"line":46,"column":31}},"15":{"start":{"line":47,"column":6},"end":{"line":47,"column":28}},"16":{"start":{"line":50,"column":21},"end":{"line":53,"column":6}},"17":{"start":{"line":51,"column":6},"end":{"line":51,"column":30}},"18":{"start":{"line":52,"column":6},"end":{"line":52,"column":28}},"19":{"start":{"line":55,"column":4},"end":{"line":58,"column":6}},"20":{"start":{"line":56,"column":6},"end":{"line":56,"column":24}},"21":{"start":{"line":57,"column":6},"end":{"line":57,"column":38}},"22":{"start":{"line":61,"column":29},"end":{"line":65,"column":3}},"23":{"start":{"line":62,"column":4},"end":{"line":62,"column":32}},"24":{"start":{"line":62,"column":25},"end":{"line":62,"column":30}},"25":{"start":{"line":63,"column":4},"end":{"line":63,"column":20}},"26":{"start":{"line":64,"column":4},"end":{"line":64,"column":32}},"27":{"start":{"line":64,"column":25},"end":{"line":64,"column":30}},"28":{"start":{"line":67,"column":21},"end":{"line":71,"column":3}},"29":{"start":{"line":68,"column":18},"end":{"line":68,"column":38}},"30":{"start":{"line":69,"column":4},"end":{"line":69,"column":70}},"31":{"start":{"line":70,"column":4},"end":{"line":70,"column":19}},"32":{"start":{"line":73,"column":23},"end":{"line":76,"column":3}},"33":{"start":{"line":74,"column":18},"end":{"line":74,"column":67}},"34":{"start":{"line":75,"column":4},"end":{"line":75,"column":30}},"35":{"start":{"line":78,"column":2},"end":{"line":80,"column":3}},"36":{"start":{"line":79,"column":4},"end":{"line":79,"column":32}},"37":{"start":{"line":82,"column":2},"end":{"line":88,"column":3}},"38":{"start":{"line":83,"column":4},"end":{"line":87,"column":6}},"39":{"start":{"line":90,"column":2},"end":{"line":119,"column":4}},"40":{"start":{"line":107,"column":30},"end":{"line":107,"column":48}},"41":{"start":{"line":122,"column":15},"end":{"line":134,"column":2}}},"fnMap":{"0":{"name":"App","decl":{"start":{"line":32,"column":24},"end":{"line":32,"column":27}},"loc":{"start":{"line":32,"column":30},"end":{"line":120,"column":1}},"line":32},"1":{"name":"(anonymous_1)","decl":{"start":{"line":41,"column":12},"end":{"line":41,"column":13}},"loc":{"start":{"line":41,"column":18},"end":{"line":59,"column":3}},"line":41},"2":{"name":"(anonymous_2)","decl":{"start":{"line":44,"column":36},"end":{"line":44,"column":37}},"loc":{"start":{"line":44,"column":50},"end":{"line":48,"column":5}},"line":44},"3":{"name":"(anonymous_3)","decl":{"start":{"line":50,"column":53},"end":{"line":50,"column":54}},"loc":{"start":{"line":50,"column":78},"end":{"line":53,"column":5}},"line":50},"4":{"name":"(anonymous_4)","decl":{"start":{"line":55,"column":11},"end":{"line":55,"column":12}},"loc":{"start":{"line":55,"column":17},"end":{"line":58,"column":5}},"line":55},"5":{"name":"(anonymous_5)","decl":{"start":{"line":61,"column":29},"end":{"line":61,"column":30}},"loc":{"start":{"line":61,"column":35},"end":{"line":65,"column":3}},"line":61},"6":{"name":"(anonymous_6)","decl":{"start":{"line":62,"column":18},"end":{"line":62,"column":19}},"loc":{"start":{"line":62,"column":25},"end":{"line":62,"column":30}},"line":62},"7":{"name":"(anonymous_7)","decl":{"start":{"line":64,"column":18},"end":{"line":64,"column":19}},"loc":{"start":{"line":64,"column":25},"end":{"line":64,"column":30}},"line":64},"8":{"name":"(anonymous_8)","decl":{"start":{"line":67,"column":21},"end":{"line":67,"column":22}},"loc":{"start":{"line":67,"column":30},"end":{"line":71,"column":3}},"line":67},"9":{"name":"(anonymous_9)","decl":{"start":{"line":73,"column":23},"end":{"line":73,"column":24}},"loc":{"start":{"line":73,"column":30},"end":{"line":76,"column":3}},"line":73},"10":{"name":"(anonymous_10)","decl":{"start":{"line":107,"column":24},"end":{"line":107,"column":25}},"loc":{"start":{"line":107,"column":30},"end":{"line":107,"column":48}},"line":107}},"branchMap":{"0":{"loc":{"start":{"line":45,"column":6},"end":{"line":45,"column":29}},"type":"if","locations":[{"start":{"line":45,"column":6},"end":{"line":45,"column":29}},{"start":{},"end":{}}],"line":45},"1":{"loc":{"start":{"line":78,"column":2},"end":{"line":80,"column":3}},"type":"if","locations":[{"start":{"line":78,"column":2},"end":{"line":80,"column":3}},{"start":{},"end":{}}],"line":78},"2":{"loc":{"start":{"line":82,"column":2},"end":{"line":88,"column":3}},"type":"if","locations":[{"start":{"line":82,"column":2},"end":{"line":88,"column":3}},{"start":{},"end":{}}],"line":82}},"s":{"0":1,"1":1,"2":8,"3":8,"4":8,"5":8,"6":8,"7":8,"8":8,"9":8,"10":3,"11":3,"12":3,"13":0,"14":3,"15":3,"16":3,"17":2,"18":2,"19":3,"20":3,"21":3,"22":8,"23":0,"24":0,"25":0,"26":0,"27":0,"28":8,"29":0,"30":0,"31":0,"32":8,"33":0,"34":0,"35":8,"36":3,"37":5,"38":3,"39":2,"40":0,"41":1},"f":{"0":8,"1":3,"2":3,"3":2,"4":3,"5":0,"6":0,"7":0,"8":0,"9":0,"10":0},"b":{"0":[0,3],"1":[3,5],"2":[3,2]},"_coverageSchema":"1a1c01bbd47fc00a2c39e90264f33305004495a9","hash":"4c188eab54360a42c7cedc549ff6407beb7e296a"}
,"/Users/erlend_samset/Kode prosjekter-----/MatbutikkPriserApp/matpris/src/components/BottomNav.js": {"path":"/Users/erlend_samset/Kode prosjekter-----/MatbutikkPriserApp/matpris/src/components/BottomNav.js","statementMap":{"0":{"start":{"line":15,"column":13},"end":{"line":19,"column":1}},"1":{"start":{"line":22,"column":2},"end":{"line":45,"column":4}},"2":{"start":{"line":25,"column":25},"end":{"line":25,"column":49}},"3":{"start":{"line":26,"column":8},"end":{"line":42,"column":10}},"4":{"start":{"line":30,"column":27},"end":{"line":30,"column":46}},"5":{"start":{"line":48,"column":15},"end":{"line":72,"column":2}}},"fnMap":{"0":{"name":"BottomNav","decl":{"start":{"line":21,"column":24},"end":{"line":21,"column":33}},"loc":{"start":{"line":21,"column":64},"end":{"line":46,"column":1}},"line":21},"1":{"name":"(anonymous_1)","decl":{"start":{"line":24,"column":16},"end":{"line":24,"column":17}},"loc":{"start":{"line":24,"column":25},"end":{"line":43,"column":7}},"line":24},"2":{"name":"(anonymous_2)","decl":{"start":{"line":30,"column":21},"end":{"line":30,"column":22}},"loc":{"start":{"line":30,"column":27},"end":{"line":30,"column":46}},"line":30}},"branchMap":{"0":{"loc":{"start":{"line":36,"column":25},"end":{"line":36,"column":68}},"type":"cond-expr","locations":[{"start":{"line":36,"column":36},"end":{"line":36,"column":49}},{"start":{"line":36,"column":52},"end":{"line":36,"column":68}}],"line":36}},"s":{"0":2,"1":5,"2":15,"3":15,"4":1,"5":2},"f":{"0":5,"1":15,"2":1},"b":{"0":[5,10]},"_coverageSchema":"1a1c01bbd47fc00a2c39e90264f33305004495a9","hash":"5a1862d9f6c56a09518c2a3c93674fea892e6831"}
,"/Users/erlend_samset/Kode prosjekter-----/MatbutikkPriserApp/matpris/src/components/ProductCard.js": {"path":"/Users/erlend_samset/Kode prosjekter-----/MatbutikkPriserApp/matpris/src/components/ProductCard.js","statementMap":{"0":{"start":{"line":17,"column":19},"end":{"line":17,"column":44}},"1":{"start":{"line":18,"column":23},"end":{"line":18,"column":51}},"2":{"start":{"line":20,"column":4},"end":{"line":22,"column":22}},"3":{"start":{"line":23,"column":21},"end":{"line":23,"column":55}},"4":{"start":{"line":24,"column":19},"end":{"line":24,"column":61}},"5":{"start":{"line":26,"column":2},"end":{"line":57,"column":4}},"6":{"start":{"line":60,"column":15},"end":{"line":120,"column":2}}},"fnMap":{"0":{"name":"ProductCard","decl":{"start":{"line":16,"column":24},"end":{"line":16,"column":35}},"loc":{"start":{"line":16,"column":73},"end":{"line":58,"column":1}},"line":16}},"branchMap":{"0":{"loc":{"start":{"line":20,"column":4},"end":{"line":22,"column":22}},"type":"cond-expr","locations":[{"start":{"line":21,"column":8},"end":{"line":21,"column":37}},{"start":{"line":22,"column":8},"end":{"line":22,"column":22}}],"line":20},"1":{"loc":{"start":{"line":36,"column":15},"end":{"line":38,"column":50}},"type":"cond-expr","locations":[{"start":{"line":37,"column":18},"end":{"line":37,"column":50}},{"start":{"line":38,"column":18},"end":{"line":38,"column":50}}],"line":36},"2":{"loc":{"start":{"line":49,"column":11},"end":{"line":53,"column":11}},"type":"binary-expr","locations":[{"start":{"line":49,"column":11},"end":{"line":49,"column":34}},{"start":{"line":49,"column":38},"end":{"line":49,"column":52}},{"start":{"line":50,"column":12},"end":{"line":52,"column":19}}],"line":49}},"s":{"0":23,"1":23,"2":23,"3":23,"4":23,"5":23,"6":2},"f":{"0":23},"b":{"0":[3,20],"1":[20,3],"2":[23,20,12]},"_coverageSchema":"1a1c01bbd47fc00a2c39e90264f33305004495a9","hash":"409c53efc4b3bf1dc0138fa8e1907a0f375d955b"}
,"/Users/erlend_samset/Kode prosjekter-----/MatbutikkPriserApp/matpris/src/components/ProductDetail.js": {"path":"/Users/erlend_samset/Kode prosjekter-----/MatbutikkPriserApp/matpris/src/components/ProductDetail.js","statementMap":{"0":{"start":{"line":19,"column":2},"end":{"line":19,"column":28}},"1":{"start":{"line":19,"column":16},"end":{"line":19,"column":28}},"2":{"start":{"line":21,"column":19},"end":{"line":21,"column":44}},"3":{"start":{"line":22,"column":23},"end":{"line":22,"column":51}},"4":{"start":{"line":23,"column":23},"end":{"line":23,"column":81}},"5":{"start":{"line":23,"column":69},"end":{"line":23,"column":80}},"6":{"start":{"line":25,"column":2},"end":{"line":100,"column":4}},"7":{"start":{"line":28,"column":68},"end":{"line":28,"column":72}},"8":{"start":{"line":61,"column":28},"end":{"line":61,"column":50}},"9":{"start":{"line":62,"column":27},"end":{"line":62,"column":49}},"10":{"start":{"line":63,"column":33},"end":{"line":63,"column":40}},"11":{"start":{"line":65,"column":14},"end":{"line":92,"column":16}},"12":{"start":{"line":103,"column":15},"end":{"line":191,"column":2}}},"fnMap":{"0":{"name":"ProductDetail","decl":{"start":{"line":18,"column":24},"end":{"line":18,"column":37}},"loc":{"start":{"line":18,"column":69},"end":{"line":101,"column":1}},"line":18},"1":{"name":"(anonymous_1)","decl":{"start":{"line":23,"column":59},"end":{"line":23,"column":60}},"loc":{"start":{"line":23,"column":69},"end":{"line":23,"column":80}},"line":23},"2":{"name":"(anonymous_2)","decl":{"start":{"line":28,"column":62},"end":{"line":28,"column":63}},"loc":{"start":{"line":28,"column":68},"end":{"line":28,"column":72}},"line":28},"3":{"name":"(anonymous_3)","decl":{"start":{"line":60,"column":30},"end":{"line":60,"column":31}},"loc":{"start":{"line":60,"column":56},"end":{"line":93,"column":13}},"line":60}},"branchMap":{"0":{"loc":{"start":{"line":19,"column":2},"end":{"line":19,"column":28}},"type":"if","locations":[{"start":{"line":19,"column":2},"end":{"line":19,"column":28}},{"start":{},"end":{}}],"line":19},"1":{"loc":{"start":{"line":69,"column":37},"end":{"line":69,"column":73}},"type":"cond-expr","locations":[{"start":{"line":69,"column":50},"end":{"line":69,"column":59}},{"start":{"line":69,"column":62},"end":{"line":69,"column":73}}],"line":69},"2":{"loc":{"start":{"line":70,"column":33},"end":{"line":70,"column":71}},"type":"cond-expr","locations":[{"start":{"line":70,"column":46},"end":{"line":70,"column":55}},{"start":{"line":70,"column":58},"end":{"line":70,"column":71}}],"line":70},"3":{"loc":{"start":{"line":75,"column":52},"end":{"line":75,"column":87}},"type":"binary-expr","locations":[{"start":{"line":75,"column":52},"end":{"line":75,"column":62}},{"start":{"line":75,"column":66},"end":{"line":75,"column":87}}],"line":75},"4":{"loc":{"start":{"line":78,"column":21},"end":{"line":82,"column":21}},"type":"binary-expr","locations":[{"start":{"line":78,"column":21},"end":{"line":78,"column":31}},{"start":{"line":79,"column":22},"end":{"line":81,"column":29}}],"line":78},"5":{"loc":{"start":{"line":86,"column":51},"end":{"line":86,"column":86}},"type":"binary-expr","locations":[{"start":{"line":86,"column":51},"end":{"line":86,"column":61}},{"start":{"line":86,"column":65},"end":{"line":86,"column":86}}],"line":86},"6":{"loc":{"start":{"line":89,"column":21},"end":{"line":89,"column":91}},"type":"binary-expr","locations":[{"start":{"line":89,"column":21},"end":{"line":89,"column":29}},{"start":{"line":89,"column":33},"end":{"line":89,"column":91}}],"line":89}},"s":{"0":21,"1":17,"2":4,"3":4,"4":4,"5":8,"6":4,"7":0,"8":12,"9":12,"10":12,"11":12,"12":2},"f":{"0":21,"1":8,"2":0,"3":12},"b":{"0":[17,4],"1":[4,8],"2":[4,8],"3":[12,4],"4":[12,4],"5":[12,4],"6":[12,8]},"_coverageSchema":"1a1c01bbd47fc00a2c39e90264f33305004495a9","hash":"1cbc1bd8b9353939c0b631f9feefec71b06cbd50"}
,"/Users/erlend_samset/Kode prosjekter-----/MatbutikkPriserApp/matpris/src/components/StoreFilter.js": {"path":"/Users/erlend_samset/Kode prosjekter-----/MatbutikkPriserApp/matpris/src/components/StoreFilter.js","statementMap":{"0":{"start":{"line":15,"column":14},"end":{"line":18,"column":1}},"1":{"start":{"line":17,"column":47},"end":{"line":17,"column":60}},"2":{"start":{"line":21,"column":2},"end":{"line":43,"column":4}},"3":{"start":{"line":29,"column":23},"end":{"line":29,"column":44}},"4":{"start":{"line":30,"column":8},"end":{"line":40,"column":10}},"5":{"start":{"line":34,"column":27},"end":{"line":34,"column":45}},"6":{"start":{"line":46,"column":15},"end":{"line":51,"column":2}}},"fnMap":{"0":{"name":"(anonymous_0)","decl":{"start":{"line":17,"column":32},"end":{"line":17,"column":33}},"loc":{"start":{"line":17,"column":47},"end":{"line":17,"column":60}},"line":17},"1":{"name":"StoreFilter","decl":{"start":{"line":20,"column":24},"end":{"line":20,"column":35}},"loc":{"start":{"line":20,"column":70},"end":{"line":44,"column":1}},"line":20},"2":{"name":"(anonymous_2)","decl":{"start":{"line":28,"column":17},"end":{"line":28,"column":18}},"loc":{"start":{"line":28,"column":47},"end":{"line":41,"column":7}},"line":28},"3":{"name":"(anonymous_3)","decl":{"start":{"line":34,"column":21},"end":{"line":34,"column":22}},"loc":{"start":{"line":34,"column":27},"end":{"line":34,"column":45}},"line":34}},"branchMap":{"0":{"loc":{"start":{"line":33,"column":52},"end":{"line":33,"column":71}},"type":"cond-expr","locations":[{"start":{"line":33,"column":61},"end":{"line":33,"column":66}},{"start":{"line":33,"column":69},"end":{"line":33,"column":71}}],"line":33},"1":{"loc":{"start":{"line":36,"column":52},"end":{"line":36,"column":75}},"type":"cond-expr","locations":[{"start":{"line":36,"column":61},"end":{"line":36,"column":67}},{"start":{"line":36,"column":70},"end":{"line":36,"column":75}}],"line":36}},"s":{"0":1,"1":9,"2":17,"3":170,"4":170,"5":1,"6":1},"f":{"0":9,"1":17,"2":170,"3":1},"b":{"0":[17,153],"1":[17,153]},"_coverageSchema":"1a1c01bbd47fc00a2c39e90264f33305004495a9","hash":"45ef12b44145e9273de1044462fc096478a092e2"}
,"/Users/erlend_samset/Kode prosjekter-----/MatbutikkPriserApp/matpris/src/screens/HomeScreen.js": {"path":"/Users/erlend_samset/Kode prosjekter-----/MatbutikkPriserApp/matpris/src/screens/HomeScreen.js","statementMap":{"0":{"start":{"line":27,"column":40},"end":{"line":27,"column":52}},"1":{"start":{"line":28,"column":44},"end":{"line":28,"column":59}},"2":{"start":{"line":29,"column":36},"end":{"line":29,"column":51}},"3":{"start":{"line":30,"column":48},"end":{"line":30,"column":62}},"4":{"start":{"line":31,"column":34},"end":{"line":31,"column":46}},"5":{"start":{"line":32,"column":32},"end":{"line":32,"column":46}},"6":{"start":{"line":34,"column":2},"end":{"line":34,"column":54}},"7":{"start":{"line":34,"column":20},"end":{"line":34,"column":36}},"8":{"start":{"line":36,"column":24},"end":{"line":60,"column":3}},"9":{"start":{"line":37,"column":4},"end":{"line":37,"column":21}},"10":{"start":{"line":38,"column":28},"end":{"line":40,"column":61}},"11":{"start":{"line":42,"column":4},"end":{"line":46,"column":5}},"12":{"start":{"line":43,"column":6},"end":{"line":43,"column":69}},"13":{"start":{"line":44,"column":6},"end":{"line":44,"column":24}},"14":{"start":{"line":45,"column":6},"end":{"line":45,"column":13}},"15":{"start":{"line":48,"column":23},"end":{"line":48,"column":25}},"16":{"start":{"line":49,"column":4},"end":{"line":56,"column":5}},"17":{"start":{"line":50,"column":16},"end":{"line":50,"column":28}},"18":{"start":{"line":51,"column":6},"end":{"line":51,"column":23}},"19":{"start":{"line":51,"column":14},"end":{"line":51,"column":23}},"20":{"start":{"line":52,"column":6},"end":{"line":54,"column":7}},"21":{"start":{"line":53,"column":8},"end":{"line":53,"column":66}},"22":{"start":{"line":55,"column":6},"end":{"line":55,"column":65}},"23":{"start":{"line":58,"column":4},"end":{"line":58,"column":43}},"24":{"start":{"line":59,"column":4},"end":{"line":59,"column":22}},"25":{"start":{"line":62,"column":19},"end":{"line":65,"column":3}},"26":{"start":{"line":63,"column":10},"end":{"line":63,"column":82}},"27":{"start":{"line":67,"column":23},"end":{"line":71,"column":3}},"28":{"start":{"line":73,"column":21},"end":{"line":75,"column":59}},"29":{"start":{"line":77,"column":2},"end":{"line":159,"column":4}},"30":{"start":{"line":107,"column":12},"end":{"line":115,"column":31}},"31":{"start":{"line":110,"column":29},"end":{"line":110,"column":46}},"32":{"start":{"line":128,"column":32},"end":{"line":128,"column":39}},"33":{"start":{"line":132,"column":10},"end":{"line":136,"column":12}},"34":{"start":{"line":135,"column":27},"end":{"line":135,"column":51}},"35":{"start":{"line":156,"column":23},"end":{"line":156,"column":47}},"36":{"start":{"line":162,"column":15},"end":{"line":208,"column":2}}},"fnMap":{"0":{"name":"HomeScreen","decl":{"start":{"line":26,"column":24},"end":{"line":26,"column":34}},"loc":{"start":{"line":26,"column":61},"end":{"line":160,"column":1}},"line":26},"1":{"name":"(anonymous_1)","decl":{"start":{"line":34,"column":12},"end":{"line":34,"column":13}},"loc":{"start":{"line":34,"column":18},"end":{"line":34,"column":38}},"line":34},"2":{"name":"(anonymous_2)","decl":{"start":{"line":36,"column":24},"end":{"line":36,"column":25}},"loc":{"start":{"line":36,"column":36},"end":{"line":60,"column":3}},"line":36},"3":{"name":"(anonymous_3)","decl":{"start":{"line":63,"column":4},"end":{"line":63,"column":5}},"loc":{"start":{"line":63,"column":10},"end":{"line":63,"column":82}},"line":63},"4":{"name":"(anonymous_4)","decl":{"start":{"line":106,"column":28},"end":{"line":106,"column":29}},"loc":{"start":{"line":107,"column":12},"end":{"line":115,"column":31}},"line":107},"5":{"name":"(anonymous_5)","decl":{"start":{"line":110,"column":23},"end":{"line":110,"column":24}},"loc":{"start":{"line":110,"column":29},"end":{"line":110,"column":46}},"line":110},"6":{"name":"(anonymous_6)","decl":{"start":{"line":128,"column":22},"end":{"line":128,"column":23}},"loc":{"start":{"line":128,"column":32},"end":{"line":128,"column":39}},"line":128},"7":{"name":"(anonymous_7)","decl":{"start":{"line":131,"column":20},"end":{"line":131,"column":21}},"loc":{"start":{"line":132,"column":10},"end":{"line":136,"column":12}},"line":132},"8":{"name":"(anonymous_8)","decl":{"start":{"line":135,"column":21},"end":{"line":135,"column":22}},"loc":{"start":{"line":135,"column":27},"end":{"line":135,"column":51}},"line":135},"9":{"name":"(anonymous_9)","decl":{"start":{"line":156,"column":17},"end":{"line":156,"column":18}},"loc":{"start":{"line":156,"column":23},"end":{"line":156,"column":47}},"line":156}},"branchMap":{"0":{"loc":{"start":{"line":42,"column":4},"end":{"line":46,"column":5}},"type":"if","locations":[{"start":{"line":42,"column":4},"end":{"line":46,"column":5}},{"start":{},"end":{}}],"line":42},"1":{"loc":{"start":{"line":51,"column":6},"end":{"line":51,"column":23}},"type":"if","locations":[{"start":{"line":51,"column":6},"end":{"line":51,"column":23}},{"start":{},"end":{}}],"line":51},"2":{"loc":{"start":{"line":52,"column":6},"end":{"line":54,"column":7}},"type":"if","locations":[{"start":{"line":52,"column":6},"end":{"line":54,"column":7}},{"start":{},"end":{}}],"line":52},"3":{"loc":{"start":{"line":73,"column":21},"end":{"line":75,"column":59}},"type":"cond-expr","locations":[{"start":{"line":74,"column":6},"end":{"line":74,"column":59}},{"start":{"line":75,"column":6},"end":{"line":75,"column":59}}],"line":73},"4":{"loc":{"start":{"line":109,"column":39},"end":{"line":109,"column":81}},"type":"binary-expr","locations":[{"start":{"line":109,"column":39},"end":{"line":109,"column":56}},{"start":{"line":109,"column":60},"end":{"line":109,"column":81}}],"line":109},"5":{"loc":{"start":{"line":112,"column":49},"end":{"line":112,"column":95}},"type":"binary-expr","locations":[{"start":{"line":112,"column":49},"end":{"line":112,"column":66}},{"start":{"line":112,"column":70},"end":{"line":112,"column":95}}],"line":112},"6":{"loc":{"start":{"line":119,"column":9},"end":{"line":123,"column":9}},"type":"binary-expr","locations":[{"start":{"line":119,"column":9},"end":{"line":119,"column":17}},{"start":{"line":120,"column":10},"end":{"line":122,"column":17}}],"line":119},"7":{"loc":{"start":{"line":121,"column":31},"end":{"line":121,"column":71}},"type":"cond-expr","locations":[{"start":{"line":121,"column":55},"end":{"line":121,"column":61}},{"start":{"line":121,"column":64},"end":{"line":121,"column":71}}],"line":121},"8":{"loc":{"start":{"line":140,"column":13},"end":{"line":148,"column":13}},"type":"cond-expr","locations":[{"start":{"line":141,"column":14},"end":{"line":141,"column":70}},{"start":{"line":143,"column":14},"end":{"line":147,"column":17}}],"line":140}},"s":{"0":17,"1":17,"2":17,"3":17,"4":17,"5":17,"6":17,"7":6,"8":17,"9":6,"10":6,"11":6,"12":0,"13":0,"14":0,"15":6,"16":6,"17":18,"18":18,"19":0,"20":18,"21":12,"22":18,"23":6,"24":6,"25":17,"26":17,"27":17,"28":17,"29":17,"30":51,"31":2,"32":26,"33":19,"34":0,"35":0,"36":1},"f":{"0":17,"1":6,"2":6,"3":17,"4":51,"5":2,"6":26,"7":19,"8":0,"9":0},"b":{"0":[0,6],"1":[0,18],"2":[12,6],"3":[3,14],"4":[51,17],"5":[51,17],"6":[17,11],"7":[1,10],"8":[6,11]},"_coverageSchema":"1a1c01bbd47fc00a2c39e90264f33305004495a9","hash":"c7b1712a8582288ccbbc85fb7f0470f07d21d9b1"}
,"/Users/erlend_samset/Kode prosjekter-----/MatbutikkPriserApp/matpris/src/screens/ScanScreen.js": {"path":"/Users/erlend_samset/Kode prosjekter-----/MatbutikkPriserApp/matpris/src/screens/ScanScreen.js","statementMap":{"0":{"start":{"line":28,"column":46},"end":{"line":28,"column":70}},"1":{"start":{"line":29,"column":16},"end":{"line":29,"column":31}},"2":{"start":{"line":30,"column":16},"end":{"line":30,"column":33}},"3":{"start":{"line":31,"column":16},"end":{"line":31,"column":40}},"4":{"start":{"line":32,"column":16},"end":{"line":32,"column":59}},"5":{"start":{"line":34,"column":18},"end":{"line":35,"column":48}},"6":{"start":{"line":35,"column":2},"end":{"line":35,"column":48}},"7":{"start":{"line":38,"column":12},"end":{"line":38,"column":20}},"8":{"start":{"line":38,"column":26},"end":{"line":38,"column":34}},"9":{"start":{"line":39,"column":13},"end":{"line":39,"column":105}},"10":{"start":{"line":39,"column":53},"end":{"line":39,"column":104}},"11":{"start":{"line":39,"column":88},"end":{"line":39,"column":103}},"12":{"start":{"line":40,"column":2},"end":{"line":40,"column":44}},"13":{"start":{"line":40,"column":15},"end":{"line":40,"column":16}},"14":{"start":{"line":40,"column":31},"end":{"line":40,"column":44}},"15":{"start":{"line":41,"column":2},"end":{"line":43,"column":103}},"16":{"start":{"line":41,"column":15},"end":{"line":41,"column":16}},"17":{"start":{"line":42,"column":4},"end":{"line":43,"column":103}},"18":{"start":{"line":42,"column":17},"end":{"line":42,"column":18}},"19":{"start":{"line":43,"column":6},"end":{"line":43,"column":103}},"20":{"start":{"line":44,"column":2},"end":{"line":44,"column":18}},"21":{"start":{"line":48,"column":15},"end":{"line":48,"column":19}},"22":{"start":{"line":48,"column":32},"end":{"line":48,"column":40}},"23":{"start":{"line":49,"column":2},"end":{"line":53,"column":3}},"24":{"start":{"line":50,"column":17},"end":{"line":50,"column":40}},"25":{"start":{"line":51,"column":22},"end":{"line":51,"column":88}},"26":{"start":{"line":52,"column":4},"end":{"line":52,"column":79}},"27":{"start":{"line":52,"column":48},"end":{"line":52,"column":64}},"28":{"start":{"line":52,"column":65},"end":{"line":52,"column":77}},"29":{"start":{"line":54,"column":2},"end":{"line":54,"column":16}},"30":{"start":{"line":58,"column":26},"end":{"line":58,"column":37}},"31":{"start":{"line":59,"column":44},"end":{"line":59,"column":58}},"32":{"start":{"line":60,"column":28},"end":{"line":60,"column":40}},"33":{"start":{"line":61,"column":28},"end":{"line":61,"column":42}},"34":{"start":{"line":62,"column":40},"end":{"line":62,"column":52}},"35":{"start":{"line":63,"column":52},"end":{"line":63,"column":67}},"36":{"start":{"line":64,"column":38},"end":{"line":64,"column":53}},"37":{"start":{"line":65,"column":34},"end":{"line":65,"column":48}},"38":{"start":{"line":67,"column":42},"end":{"line":67,"column":64}},"39":{"start":{"line":68,"column":20},"end":{"line":68,"column":32}},"40":{"start":{"line":70,"column":26},"end":{"line":86,"column":3}},"41":{"start":{"line":71,"column":4},"end":{"line":71,"column":35}},"42":{"start":{"line":71,"column":28},"end":{"line":71,"column":35}},"43":{"start":{"line":72,"column":4},"end":{"line":72,"column":24}},"44":{"start":{"line":73,"column":4},"end":{"line":85,"column":5}},"45":{"start":{"line":74,"column":19},"end":{"line":74,"column":77}},"46":{"start":{"line":75,"column":18},"end":{"line":75,"column":26}},"47":{"start":{"line":76,"column":6},"end":{"line":76,"column":20}},"48":{"start":{"line":77,"column":6},"end":{"line":77,"column":24}},"49":{"start":{"line":78,"column":21},"end":{"line":78,"column":38}},"50":{"start":{"line":79,"column":6},"end":{"line":79,"column":23}},"51":{"start":{"line":80,"column":6},"end":{"line":80,"column":17}},"52":{"start":{"line":82,"column":6},"end":{"line":82,"column":40}},"53":{"start":{"line":84,"column":6},"end":{"line":84,"column":27}},"54":{"start":{"line":88,"column":28},"end":{"line":91,"column":3}},"55":{"start":{"line":89,"column":4},"end":{"line":89,"column":31}},"56":{"start":{"line":90,"column":4},"end":{"line":90,"column":15}},"57":{"start":{"line":93,"column":23},"end":{"line":164,"column":3}},"58":{"start":{"line":94,"column":4},"end":{"line":94,"column":15}},"59":{"start":{"line":96,"column":31},"end":{"line":96,"column":60}},"60":{"start":{"line":97,"column":4},"end":{"line":97,"column":52}},"61":{"start":{"line":97,"column":17},"end":{"line":97,"column":42}},"62":{"start":{"line":97,"column":43},"end":{"line":97,"column":50}},"63":{"start":{"line":99,"column":51},"end":{"line":110,"column":15}},"64":{"start":{"line":112,"column":4},"end":{"line":112,"column":71}},"65":{"start":{"line":112,"column":36},"end":{"line":112,"column":61}},"66":{"start":{"line":112,"column":62},"end":{"line":112,"column":69}},"67":{"start":{"line":114,"column":30},"end":{"line":116,"column":34}},"68":{"start":{"line":118,"column":21},"end":{"line":118,"column":23}},"69":{"start":{"line":119,"column":4},"end":{"line":121,"column":5}},"70":{"start":{"line":120,"column":6},"end":{"line":120,"column":50}},"71":{"start":{"line":123,"column":22},"end":{"line":123,"column":24}},"72":{"start":{"line":125,"column":4},"end":{"line":158,"column":5}},"73":{"start":{"line":126,"column":18},"end":{"line":126,"column":38}},"74":{"start":{"line":127,"column":22},"end":{"line":127,"column":63}},"75":{"start":{"line":129,"column":6},"end":{"line":155,"column":7}},"76":{"start":{"line":131,"column":8},"end":{"line":138,"column":9}},"77":{"start":{"line":132,"column":10},"end":{"line":132,"column":36}},"78":{"start":{"line":133,"column":10},"end":{"line":137,"column":13}},"79":{"start":{"line":140,"column":37},"end":{"line":144,"column":19}},"80":{"start":{"line":146,"column":8},"end":{"line":146,"column":34}},"81":{"start":{"line":146,"column":25},"end":{"line":146,"column":34}},"82":{"start":{"line":147,"column":8},"end":{"line":147,"column":34}},"83":{"start":{"line":148,"column":8},"end":{"line":148,"column":34}},"84":{"start":{"line":150,"column":8},"end":{"line":154,"column":11}},"85":{"start":{"line":157,"column":6},"end":{"line":157,"column":89}},"86":{"start":{"line":160,"column":4},"end":{"line":160,"column":78}},"87":{"start":{"line":160,"column":30},"end":{"line":160,"column":78}},"88":{"start":{"line":161,"column":4},"end":{"line":161,"column":21}},"89":{"start":{"line":162,"column":24},"end":{"line":162,"column":72}},"90":{"start":{"line":162,"column":57},"end":{"line":162,"column":69}},"91":{"start":{"line":163,"column":4},"end":{"line":163,"column":40}},"92":{"start":{"line":166,"column":27},"end":{"line":214,"column":3}},"93":{"start":{"line":167,"column":4},"end":{"line":167,"column":31}},"94":{"start":{"line":169,"column":14},"end":{"line":169,"column":24}},"95":{"start":{"line":171,"column":4},"end":{"line":182,"column":5}},"96":{"start":{"line":172,"column":32},"end":{"line":174,"column":36}},"97":{"start":{"line":176,"column":30},"end":{"line":176,"column":65}},"98":{"start":{"line":176,"column":47},"end":{"line":176,"column":64}},"99":{"start":{"line":177,"column":6},"end":{"line":181,"column":9}},"100":{"start":{"line":179,"column":25},"end":{"line":179,"column":69}},"101":{"start":{"line":180,"column":22},"end":{"line":180,"column":34}},"102":{"start":{"line":184,"column":17},"end":{"line":184,"column":19}},"103":{"start":{"line":186,"column":4},"end":{"line":206,"column":5}},"104":{"start":{"line":187,"column":50},"end":{"line":190,"column":30}},"105":{"start":{"line":192,"column":6},"end":{"line":205,"column":7}},"106":{"start":{"line":193,"column":23},"end":{"line":193,"column":25}},"107":{"start":{"line":194,"column":23},"end":{"line":194,"column":25}},"108":{"start":{"line":195,"column":8},"end":{"line":198,"column":9}},"109":{"start":{"line":196,"column":10},"end":{"line":196,"column":79}},"110":{"start":{"line":197,"column":10},"end":{"line":197,"column":59}},"111":{"start":{"line":200,"column":25},"end":{"line":200,"column":59}},"112":{"start":{"line":201,"column":8},"end":{"line":204,"column":45}},"113":{"start":{"line":202,"column":31},"end":{"line":202,"column":62}},"114":{"start":{"line":203,"column":36},"end":{"line":203,"column":52}},"115":{"start":{"line":204,"column":26},"end":{"line":204,"column":43}},"116":{"start":{"line":208,"column":4},"end":{"line":210,"column":5}},"117":{"start":{"line":209,"column":6},"end":{"line":209,"column":41}},"118":{"start":{"line":212,"column":4},"end":{"line":212,"column":27}},"119":{"start":{"line":213,"column":4},"end":{"line":213,"column":32}},"120":{"start":{"line":216,"column":21},"end":{"line":223,"column":3}},"121":{"start":{"line":217,"column":4},"end":{"line":217,"column":15}},"122":{"start":{"line":218,"column":4},"end":{"line":218,"column":27}},"123":{"start":{"line":219,"column":4},"end":{"line":219,"column":17}},"124":{"start":{"line":220,"column":4},"end":{"line":220,"column":19}},"125":{"start":{"line":221,"column":4},"end":{"line":221,"column":23}},"126":{"start":{"line":222,"column":4},"end":{"line":222,"column":15}},"127":{"start":{"line":225,"column":23},"end":{"line":225,"column":65}},"128":{"start":{"line":225,"column":48},"end":{"line":225,"column":61}},"129":{"start":{"line":227,"column":34},"end":{"line":244,"column":3}},"130":{"start":{"line":228,"column":4},"end":{"line":228,"column":33}},"131":{"start":{"line":228,"column":23},"end":{"line":228,"column":33}},"132":{"start":{"line":229,"column":27},"end":{"line":239,"column":5}},"133":{"start":{"line":240,"column":4},"end":{"line":243,"column":42}},"134":{"start":{"line":240,"column":56},"end":{"line":243,"column":5}},"135":{"start":{"line":243,"column":23},"end":{"line":243,"column":40}},"136":{"start":{"line":246,"column":2},"end":{"line":304,"column":3}},"137":{"start":{"line":247,"column":4},"end":{"line":249,"column":5}},"138":{"start":{"line":248,"column":6},"end":{"line":248,"column":47}},"139":{"start":{"line":250,"column":4},"end":{"line":263,"column":5}},"140":{"start":{"line":251,"column":6},"end":{"line":262,"column":8}},"141":{"start":{"line":265,"column":4},"end":{"line":303,"column":6}},"142":{"start":{"line":306,"column":2},"end":{"line":340,"column":3}},"143":{"start":{"line":307,"column":4},"end":{"line":339,"column":6}},"144":{"start":{"line":309,"column":64},"end":{"line":309,"column":74}},"145":{"start":{"line":328,"column":12},"end":{"line":335,"column":31}},"146":{"start":{"line":331,"column":29},"end":{"line":331,"column":51}},"147":{"start":{"line":342,"column":2},"end":{"line":378,"column":3}},"148":{"start":{"line":343,"column":22},"end":{"line":343,"column":43}},"149":{"start":{"line":344,"column":4},"end":{"line":377,"column":6}},"150":{"start":{"line":346,"column":64},"end":{"line":346,"column":74}},"151":{"start":{"line":359,"column":10},"end":{"line":365,"column":17}},"152":{"start":{"line":380,"column":27},"end":{"line":380,"column":48}},"153":{"start":{"line":381,"column":19},"end":{"line":381,"column":33}},"154":{"start":{"line":382,"column":23},"end":{"line":382,"column":73}},"155":{"start":{"line":382,"column":47},"end":{"line":382,"column":72}},"156":{"start":{"line":384,"column":4},"end":{"line":386,"column":12}},"157":{"start":{"line":388,"column":2},"end":{"line":452,"column":4}},"158":{"start":{"line":416,"column":43},"end":{"line":416,"column":60}},"159":{"start":{"line":417,"column":30},"end":{"line":417,"column":43}},"160":{"start":{"line":418,"column":31},"end":{"line":418,"column":56}},"161":{"start":{"line":419,"column":30},"end":{"line":419,"column":53}},"162":{"start":{"line":420,"column":40},"end":{"line":420,"column":93}},"163":{"start":{"line":421,"column":12},"end":{"line":443,"column":14}},"164":{"start":{"line":455,"column":15},"end":{"line":651,"column":2}}},"fnMap":{"0":{"name":"(anonymous_0)","decl":{"start":{"line":34,"column":18},"end":{"line":34,"column":19}},"loc":{"start":{"line":35,"column":2},"end":{"line":35,"column":48}},"line":35},"1":{"name":"levenshtein","decl":{"start":{"line":37,"column":9},"end":{"line":37,"column":20}},"loc":{"start":{"line":37,"column":27},"end":{"line":45,"column":1}},"line":37},"2":{"name":"(anonymous_2)","decl":{"start":{"line":39,"column":43},"end":{"line":39,"column":44}},"loc":{"start":{"line":39,"column":53},"end":{"line":39,"column":104}},"line":39},"3":{"name":"(anonymous_3)","decl":{"start":{"line":39,"column":78},"end":{"line":39,"column":79}},"loc":{"start":{"line":39,"column":88},"end":{"line":39,"column":103}},"line":39},"4":{"name":"fuzzyFind","decl":{"start":{"line":47,"column":9},"end":{"line":47,"column":18}},"loc":{"start":{"line":47,"column":34},"end":{"line":55,"column":1}},"line":47},"5":{"name":"ScanScreen","decl":{"start":{"line":57,"column":24},"end":{"line":57,"column":34}},"loc":{"start":{"line":57,"column":65},"end":{"line":453,"column":1}},"line":57},"6":{"name":"(anonymous_6)","decl":{"start":{"line":70,"column":26},"end":{"line":70,"column":27}},"loc":{"start":{"line":70,"column":38},"end":{"line":86,"column":3}},"line":70},"7":{"name":"(anonymous_7)","decl":{"start":{"line":88,"column":28},"end":{"line":88,"column":29}},"loc":{"start":{"line":88,"column":42},"end":{"line":91,"column":3}},"line":88},"8":{"name":"(anonymous_8)","decl":{"start":{"line":93,"column":23},"end":{"line":93,"column":24}},"loc":{"start":{"line":93,"column":35},"end":{"line":164,"column":3}},"line":93},"9":{"name":"(anonymous_9)","decl":{"start":{"line":162,"column":50},"end":{"line":162,"column":51}},"loc":{"start":{"line":162,"column":57},"end":{"line":162,"column":69}},"line":162},"10":{"name":"(anonymous_10)","decl":{"start":{"line":166,"column":27},"end":{"line":166,"column":28}},"loc":{"start":{"line":166,"column":56},"end":{"line":214,"column":3}},"line":166},"11":{"name":"(anonymous_11)","decl":{"start":{"line":176,"column":40},"end":{"line":176,"column":41}},"loc":{"start":{"line":176,"column":47},"end":{"line":176,"column":64}},"line":176},"12":{"name":"(anonymous_12)","decl":{"start":{"line":179,"column":18},"end":{"line":179,"column":19}},"loc":{"start":{"line":179,"column":25},"end":{"line":179,"column":69}},"line":179},"13":{"name":"(anonymous_13)","decl":{"start":{"line":180,"column":15},"end":{"line":180,"column":16}},"loc":{"start":{"line":180,"column":22},"end":{"line":180,"column":34}},"line":180},"14":{"name":"(anonymous_14)","decl":{"start":{"line":202,"column":18},"end":{"line":202,"column":19}},"loc":{"start":{"line":202,"column":31},"end":{"line":202,"column":62}},"line":202},"15":{"name":"(anonymous_15)","decl":{"start":{"line":203,"column":15},"end":{"line":203,"column":16}},"loc":{"start":{"line":203,"column":36},"end":{"line":203,"column":52}},"line":203},"16":{"name":"(anonymous_16)","decl":{"start":{"line":204,"column":16},"end":{"line":204,"column":17}},"loc":{"start":{"line":204,"column":26},"end":{"line":204,"column":43}},"line":204},"17":{"name":"(anonymous_17)","decl":{"start":{"line":216,"column":21},"end":{"line":216,"column":22}},"loc":{"start":{"line":216,"column":27},"end":{"line":223,"column":3}},"line":216},"18":{"name":"(anonymous_18)","decl":{"start":{"line":225,"column":36},"end":{"line":225,"column":37}},"loc":{"start":{"line":225,"column":48},"end":{"line":225,"column":61}},"line":225},"19":{"name":"(anonymous_19)","decl":{"start":{"line":227,"column":34},"end":{"line":227,"column":35}},"loc":{"start":{"line":227,"column":40},"end":{"line":244,"column":3}},"line":227},"20":{"name":"(anonymous_20)","decl":{"start":{"line":240,"column":30},"end":{"line":240,"column":31}},"loc":{"start":{"line":240,"column":56},"end":{"line":243,"column":5}},"line":240},"21":{"name":"(anonymous_21)","decl":{"start":{"line":243,"column":13},"end":{"line":243,"column":14}},"loc":{"start":{"line":243,"column":23},"end":{"line":243,"column":40}},"line":243},"22":{"name":"(anonymous_22)","decl":{"start":{"line":309,"column":58},"end":{"line":309,"column":59}},"loc":{"start":{"line":309,"column":64},"end":{"line":309,"column":74}},"line":309},"23":{"name":"(anonymous_23)","decl":{"start":{"line":327,"column":38},"end":{"line":327,"column":39}},"loc":{"start":{"line":328,"column":12},"end":{"line":335,"column":31}},"line":328},"24":{"name":"(anonymous_24)","decl":{"start":{"line":331,"column":23},"end":{"line":331,"column":24}},"loc":{"start":{"line":331,"column":29},"end":{"line":331,"column":51}},"line":331},"25":{"name":"(anonymous_25)","decl":{"start":{"line":346,"column":58},"end":{"line":346,"column":59}},"loc":{"start":{"line":346,"column":64},"end":{"line":346,"column":74}},"line":346},"26":{"name":"(anonymous_26)","decl":{"start":{"line":358,"column":19},"end":{"line":358,"column":20}},"loc":{"start":{"line":359,"column":10},"end":{"line":365,"column":17}},"line":359},"27":{"name":"(anonymous_27)","decl":{"start":{"line":382,"column":40},"end":{"line":382,"column":41}},"loc":{"start":{"line":382,"column":47},"end":{"line":382,"column":72}},"line":382},"28":{"name":"(anonymous_28)","decl":{"start":{"line":416,"column":33},"end":{"line":416,"column":34}},"loc":{"start":{"line":416,"column":43},"end":{"line":416,"column":60}},"line":416},"29":{"name":"(anonymous_29)","decl":{"start":{"line":416,"column":66},"end":{"line":416,"column":67}},"loc":{"start":{"line":416,"column":88},"end":{"line":444,"column":11}},"line":416}},"branchMap":{"0":{"loc":{"start":{"line":39,"column":88},"end":{"line":39,"column":103}},"type":"cond-expr","locations":[{"start":{"line":39,"column":98},"end":{"line":39,"column":99}},{"start":{"line":39,"column":102},"end":{"line":39,"column":103}}],"line":39},"1":{"loc":{"start":{"line":43,"column":17},"end":{"line":43,"column":102}},"type":"cond-expr","locations":[{"start":{"line":43,"column":37},"end":{"line":43,"column":49}},{"start":{"line":43,"column":52},"end":{"line":43,"column":102}}],"line":43},"2":{"loc":{"start":{"line":52,"column":4},"end":{"line":52,"column":79}},"type":"if","locations":[{"start":{"line":52,"column":4},"end":{"line":52,"column":79}},{"start":{},"end":{}}],"line":52},"3":{"loc":{"start":{"line":52,"column":8},"end":{"line":52,"column":44}},"type":"binary-expr","locations":[{"start":{"line":52,"column":8},"end":{"line":52,"column":25}},{"start":{"line":52,"column":29},"end":{"line":52,"column":44}}],"line":52},"4":{"loc":{"start":{"line":71,"column":4},"end":{"line":71,"column":35}},"type":"if","locations":[{"start":{"line":71,"column":4},"end":{"line":71,"column":35}},{"start":{},"end":{}}],"line":71},"5":{"loc":{"start":{"line":97,"column":4},"end":{"line":97,"column":52}},"type":"if","locations":[{"start":{"line":97,"column":4},"end":{"line":97,"column":52}},{"start":{},"end":{}}],"line":97},"6":{"loc":{"start":{"line":112,"column":4},"end":{"line":112,"column":71}},"type":"if","locations":[{"start":{"line":112,"column":4},"end":{"line":112,"column":71}},{"start":{},"end":{}}],"line":112},"7":{"loc":{"start":{"line":112,"column":8},"end":{"line":112,"column":32}},"type":"binary-expr","locations":[{"start":{"line":112,"column":8},"end":{"line":112,"column":20}},{"start":{"line":112,"column":24},"end":{"line":112,"column":32}}],"line":112},"8":{"loc":{"start":{"line":119,"column":20},"end":{"line":119,"column":33}},"type":"binary-expr","locations":[{"start":{"line":119,"column":20},"end":{"line":119,"column":27}},{"start":{"line":119,"column":31},"end":{"line":119,"column":33}}],"line":119},"9":{"loc":{"start":{"line":127,"column":22},"end":{"line":127,"column":63}},"type":"binary-expr","locations":[{"start":{"line":127,"column":22},"end":{"line":127,"column":35}},{"start":{"line":127,"column":39},"end":{"line":127,"column":63}}],"line":127},"10":{"loc":{"start":{"line":129,"column":6},"end":{"line":155,"column":7}},"type":"if","locations":[{"start":{"line":129,"column":6},"end":{"line":155,"column":7}},{"start":{"line":139,"column":13},"end":{"line":155,"column":7}}],"line":129},"11":{"loc":{"start":{"line":131,"column":8},"end":{"line":138,"column":9}},"type":"if","locations":[{"start":{"line":131,"column":8},"end":{"line":138,"column":9}},{"start":{},"end":{}}],"line":131},"12":{"loc":{"start":{"line":146,"column":8},"end":{"line":146,"column":34}},"type":"if","locations":[{"start":{"line":146,"column":8},"end":{"line":146,"column":34}},{"start":{},"end":{}}],"line":146},"13":{"loc":{"start":{"line":160,"column":4},"end":{"line":160,"column":78}},"type":"if","locations":[{"start":{"line":160,"column":4},"end":{"line":160,"column":78}},{"start":{},"end":{}}],"line":160},"14":{"loc":{"start":{"line":166,"column":34},"end":{"line":166,"column":51}},"type":"default-arg","locations":[{"start":{"line":166,"column":47},"end":{"line":166,"column":51}}],"line":166},"15":{"loc":{"start":{"line":171,"column":4},"end":{"line":182,"column":5}},"type":"if","locations":[{"start":{"line":171,"column":4},"end":{"line":182,"column":5}},{"start":{},"end":{}}],"line":171},"16":{"loc":{"start":{"line":178,"column":9},"end":{"line":178,"column":22}},"type":"binary-expr","locations":[{"start":{"line":178,"column":9},"end":{"line":178,"column":16}},{"start":{"line":178,"column":20},"end":{"line":178,"column":22}}],"line":178},"17":{"loc":{"start":{"line":186,"column":4},"end":{"line":206,"column":5}},"type":"if","locations":[{"start":{"line":186,"column":4},"end":{"line":206,"column":5}},{"start":{},"end":{}}],"line":186},"18":{"loc":{"start":{"line":186,"column":8},"end":{"line":186,"column":29}},"type":"binary-expr","locations":[{"start":{"line":186,"column":8},"end":{"line":186,"column":11}},{"start":{"line":186,"column":15},"end":{"line":186,"column":29}}],"line":186},"19":{"loc":{"start":{"line":192,"column":6},"end":{"line":205,"column":7}},"type":"if","locations":[{"start":{"line":192,"column":6},"end":{"line":205,"column":7}},{"start":{},"end":{}}],"line":192},"20":{"loc":{"start":{"line":192,"column":10},"end":{"line":192,"column":43}},"type":"binary-expr","locations":[{"start":{"line":192,"column":10},"end":{"line":192,"column":21}},{"start":{"line":192,"column":25},"end":{"line":192,"column":43}}],"line":192},"21":{"loc":{"start":{"line":196,"column":31},"end":{"line":196,"column":53}},"type":"binary-expr","locations":[{"start":{"line":196,"column":31},"end":{"line":196,"column":48}},{"start":{"line":196,"column":52},"end":{"line":196,"column":53}}],"line":196},"22":{"loc":{"start":{"line":197,"column":31},"end":{"line":197,"column":53}},"type":"binary-expr","locations":[{"start":{"line":197,"column":31},"end":{"line":197,"column":48}},{"start":{"line":197,"column":52},"end":{"line":197,"column":53}}],"line":197},"23":{"loc":{"start":{"line":208,"column":4},"end":{"line":210,"column":5}},"type":"if","locations":[{"start":{"line":208,"column":4},"end":{"line":210,"column":5}},{"start":{},"end":{}}],"line":208},"24":{"loc":{"start":{"line":228,"column":4},"end":{"line":228,"column":33}},"type":"if","locations":[{"start":{"line":228,"column":4},"end":{"line":228,"column":33}},{"start":{},"end":{}}],"line":228},"25":{"loc":{"start":{"line":246,"column":2},"end":{"line":304,"column":3}},"type":"if","locations":[{"start":{"line":246,"column":2},"end":{"line":304,"column":3}},{"start":{},"end":{}}],"line":246},"26":{"loc":{"start":{"line":247,"column":4},"end":{"line":249,"column":5}},"type":"if","locations":[{"start":{"line":247,"column":4},"end":{"line":249,"column":5}},{"start":{},"end":{}}],"line":247},"27":{"loc":{"start":{"line":250,"column":4},"end":{"line":263,"column":5}},"type":"if","locations":[{"start":{"line":250,"column":4},"end":{"line":263,"column":5}},{"start":{},"end":{}}],"line":250},"28":{"loc":{"start":{"line":287,"column":9},"end":{"line":301,"column":9}},"type":"cond-expr","locations":[{"start":{"line":288,"column":10},"end":{"line":292,"column":12}},{"start":{"line":294,"column":10},"end":{"line":300,"column":29}}],"line":287},"29":{"loc":{"start":{"line":306,"column":2},"end":{"line":340,"column":3}},"type":"if","locations":[{"start":{"line":306,"column":2},"end":{"line":340,"column":3}},{"start":{},"end":{}}],"line":306},"30":{"loc":{"start":{"line":313,"column":9},"end":{"line":313,"column":79}},"type":"binary-expr","locations":[{"start":{"line":313,"column":9},"end":{"line":313,"column":14}},{"start":{"line":313,"column":18},"end":{"line":313,"column":79}}],"line":313},"31":{"loc":{"start":{"line":315,"column":9},"end":{"line":320,"column":9}},"type":"binary-expr","locations":[{"start":{"line":315,"column":9},"end":{"line":315,"column":19}},{"start":{"line":316,"column":10},"end":{"line":319,"column":17}}],"line":315},"32":{"loc":{"start":{"line":321,"column":9},"end":{"line":321,"column":68}},"type":"binary-expr","locations":[{"start":{"line":321,"column":9},"end":{"line":321,"column":17}},{"start":{"line":321,"column":21},"end":{"line":321,"column":68}}],"line":321},"33":{"loc":{"start":{"line":342,"column":2},"end":{"line":378,"column":3}},"type":"if","locations":[{"start":{"line":342,"column":2},"end":{"line":378,"column":3}},{"start":{},"end":{}}],"line":342},"34":{"loc":{"start":{"line":350,"column":9},"end":{"line":350,"column":79}},"type":"binary-expr","locations":[{"start":{"line":350,"column":9},"end":{"line":350,"column":14}},{"start":{"line":350,"column":18},"end":{"line":350,"column":79}}],"line":350},"35":{"loc":{"start":{"line":384,"column":4},"end":{"line":386,"column":12}},"type":"cond-expr","locations":[{"start":{"line":385,"column":8},"end":{"line":385,"column":43}},{"start":{"line":386,"column":8},"end":{"line":386,"column":12}}],"line":384},"36":{"loc":{"start":{"line":384,"column":4},"end":{"line":384,"column":64}},"type":"binary-expr","locations":[{"start":{"line":384,"column":4},"end":{"line":384,"column":16}},{"start":{"line":384,"column":20},"end":{"line":384,"column":28}},{"start":{"line":384,"column":32},"end":{"line":384,"column":64}}],"line":384},"37":{"loc":{"start":{"line":402,"column":7},"end":{"line":446,"column":14}},"type":"cond-expr","locations":[{"start":{"line":403,"column":8},"end":{"line":403,"column":90}},{"start":{"line":404,"column":10},"end":{"line":446,"column":14}}],"line":402},"38":{"loc":{"start":{"line":404,"column":10},"end":{"line":446,"column":14}},"type":"cond-expr","locations":[{"start":{"line":405,"column":8},"end":{"line":445,"column":15}},{"start":{"line":446,"column":10},"end":{"line":446,"column":14}}],"line":404},"39":{"loc":{"start":{"line":408,"column":11},"end":{"line":414,"column":11}},"type":"binary-expr","locations":[{"start":{"line":408,"column":11},"end":{"line":408,"column":18}},{"start":{"line":409,"column":12},"end":{"line":413,"column":19}}],"line":408},"40":{"loc":{"start":{"line":420,"column":40},"end":{"line":420,"column":93}},"type":"cond-expr","locations":[{"start":{"line":420,"column":67},"end":{"line":420,"column":89}},{"start":{"line":420,"column":92},"end":{"line":420,"column":93}}],"line":420},"41":{"loc":{"start":{"line":420,"column":40},"end":{"line":420,"column":64}},"type":"binary-expr","locations":[{"start":{"line":420,"column":40},"end":{"line":420,"column":52}},{"start":{"line":420,"column":56},"end":{"line":420,"column":64}}],"line":420},"42":{"loc":{"start":{"line":424,"column":64},"end":{"line":424,"column":106}},"type":"binary-expr","locations":[{"start":{"line":424,"column":64},"end":{"line":424,"column":74}},{"start":{"line":424,"column":78},"end":{"line":424,"column":106}}],"line":424},"43":{"loc":{"start":{"line":429,"column":19},"end":{"line":429,"column":78}},"type":"binary-expr","locations":[{"start":{"line":429,"column":19},"end":{"line":429,"column":28}},{"start":{"line":429,"column":32},"end":{"line":429,"column":78}}],"line":429},"44":{"loc":{"start":{"line":430,"column":19},"end":{"line":432,"column":19}},"type":"binary-expr","locations":[{"start":{"line":430,"column":19},"end":{"line":430,"column":29}},{"start":{"line":431,"column":20},"end":{"line":431,"column":87}}],"line":430},"45":{"loc":{"start":{"line":433,"column":19},"end":{"line":437,"column":19}},"type":"binary-expr","locations":[{"start":{"line":433,"column":19},"end":{"line":433,"column":30}},{"start":{"line":433,"column":34},"end":{"line":433,"column":57}},{"start":{"line":434,"column":20},"end":{"line":436,"column":27}}],"line":433},"46":{"loc":{"start":{"line":439,"column":68},"end":{"line":439,"column":106}},"type":"binary-expr","locations":[{"start":{"line":439,"column":68},"end":{"line":439,"column":78}},{"start":{"line":439,"column":82},"end":{"line":439,"column":106}}],"line":439}},"s":{"0":1,"1":1,"2":1,"3":1,"4":1,"5":1,"6":15,"7":3,"8":3,"9":3,"10":20,"11":120,"12":3,"13":3,"14":18,"15":3,"16":3,"17":17,"18":17,"19":85,"20":3,"21":2,"22":2,"23":2,"24":3,"25":3,"26":3,"27":1,"28":1,"29":2,"30":60,"31":60,"32":60,"33":60,"34":60,"35":60,"36":60,"37":60,"38":60,"39":60,"40":60,"41":10,"42":0,"43":10,"44":10,"45":10,"46":10,"47":10,"48":10,"49":10,"50":10,"51":10,"52":0,"53":10,"54":60,"55":8,"56":8,"57":60,"58":7,"59":7,"60":7,"61":6,"62":6,"63":1,"64":1,"65":0,"66":0,"67":1,"68":1,"69":1,"70":1,"71":1,"72":1,"73":2,"74":2,"75":2,"76":1,"77":1,"78":1,"79":1,"80":1,"81":0,"82":1,"83":1,"84":1,"85":2,"86":1,"87":1,"88":1,"89":1,"90":2,"91":1,"92":60,"93":7,"94":7,"95":7,"96":6,"97":6,"98":8,"99":6,"100":4,"101":4,"102":7,"103":7,"104":4,"105":4,"106":4,"107":4,"108":4,"109":9,"110":9,"111":4,"112":4,"113":6,"114":5,"115":1,"116":7,"117":3,"118":7,"119":7,"120":60,"121":1,"122":1,"123":1,"124":1,"125":1,"126":1,"127":60,"128":47,"129":60,"130":3,"131":0,"132":3,"133":3,"134":27,"135":51,"136":60,"137":28,"138":1,"139":27,"140":2,"141":25,"142":32,"143":10,"144":0,"145":90,"146":8,"147":22,"148":8,"149":8,"150":0,"151":12,"152":14,"153":14,"154":14,"155":11,"156":14,"157":14,"158":25,"159":29,"160":29,"161":29,"162":29,"163":29,"164":1},"f":{"0":15,"1":3,"2":20,"3":120,"4":2,"5":60,"6":10,"7":8,"8":7,"9":2,"10":7,"11":8,"12":4,"13":4,"14":6,"15":5,"16":1,"17":1,"18":47,"19":3,"20":27,"21":51,"22":0,"23":90,"24":8,"25":0,"26":12,"27":11,"28":25,"29":29},"b":{"0":[20,100],"1":[17,68],"2":[1,2],"3":[3,1],"4":[0,10],"5":[6,1],"6":[0,1],"7":[1,1],"8":[1,0],"9":[2,2],"10":[1,1],"11":[1,0],"12":[0,1],"13":[1,0],"14":[6],"15":[6,1],"16":[6,0],"17":[4,3],"18":[7,7],"19":[4,0],"20":[4,4],"21":[9,6],"22":[9,6],"23":[3,4],"24":[0,3],"25":[28,32],"26":[1,27],"27":[2,25],"28":[10,15],"29":[10,22],"30":[10,10],"31":[10,0],"32":[10,0],"33":[8,14],"34":[8,8],"35":[4,10],"36":[14,6,6],"37":[0,14],"38":[4,10],"39":[4,4],"40":[29,0],"41":[29,29],"42":[29,4],"43":[29,4],"44":[29,4],"45":[29,25,25],"46":[29,4]},"_coverageSchema":"1a1c01bbd47fc00a2c39e90264f33305004495a9","hash":"143978990cca74f8e658893e81ad973874573370"}
,"/Users/erlend_samset/Kode prosjekter-----/MatbutikkPriserApp/matpris/src/utils/constants.js": {"path":"/Users/erlend_samset/Kode prosjekter-----/MatbutikkPriserApp/matpris/src/utils/constants.js","statementMap":{"0":{"start":{"line":11,"column":22},"end":{"line":21,"column":1}},"1":{"start":{"line":23,"column":22},"end":{"line":35,"column":1}}},"fnMap":{},"branchMap":{},"s":{"0":7,"1":7},"f":{},"b":{},"_coverageSchema":"1a1c01bbd47fc00a2c39e90264f33305004495a9","hash":"7c58705390a0ad3b9fbdcdc991cce61f9d80f44e"}
,"/Users/erlend_samset/Kode prosjekter-----/MatbutikkPriserApp/matpris/src/utils/helpers.js": {"path":"/Users/erlend_samset/Kode prosjekter-----/MatbutikkPriserApp/matpris/src/utils/helpers.js","statementMap":{"0":{"start":{"line":15,"column":2},"end":{"line":18,"column":4}},"1":{"start":{"line":16,"column":31},"end":{"line":16,"column":75}},"2":{"start":{"line":27,"column":12},"end":{"line":27,"column":44}},"3":{"start":{"line":28,"column":19},"end":{"line":31,"column":44}},"4":{"start":{"line":29,"column":4},"end":{"line":31,"column":44}},"5":{"start":{"line":33,"column":2},"end":{"line":40,"column":7}},"6":{"start":{"line":34,"column":19},"end":{"line":34,"column":25}},"7":{"start":{"line":35,"column":19},"end":{"line":35,"column":57}},"8":{"start":{"line":36,"column":19},"end":{"line":36,"column":83}},"9":{"start":{"line":38,"column":6},"end":{"line":38,"column":103}},"10":{"start":{"line":38,"column":36},"end":{"line":38,"column":103}},"11":{"start":{"line":39,"column":6},"end":{"line":39,"column":89}},"12":{"start":{"line":43,"column":27},"end":{"line":43,"column":54}},"13":{"start":{"line":43,"column":38},"end":{"line":43,"column":54}},"14":{"start":{"line":45,"column":28},"end":{"line":46,"column":70}},"15":{"start":{"line":46,"column":2},"end":{"line":46,"column":70}}},"fnMap":{"0":{"name":"getCheapestStore","decl":{"start":{"line":14,"column":16},"end":{"line":14,"column":32}},"loc":{"start":{"line":14,"column":42},"end":{"line":19,"column":1}},"line":14},"1":{"name":"(anonymous_1)","decl":{"start":{"line":16,"column":4},"end":{"line":16,"column":5}},"loc":{"start":{"line":16,"column":31},"end":{"line":16,"column":75}},"line":16},"2":{"name":"getFilteredProducts","decl":{"start":{"line":21,"column":16},"end":{"line":21,"column":35}},"loc":{"start":{"line":26,"column":3},"end":{"line":41,"column":1}},"line":26},"3":{"name":"(anonymous_3)","decl":{"start":{"line":28,"column":19},"end":{"line":28,"column":20}},"loc":{"start":{"line":29,"column":4},"end":{"line":31,"column":44}},"line":29},"4":{"name":"(anonymous_4)","decl":{"start":{"line":34,"column":12},"end":{"line":34,"column":13}},"loc":{"start":{"line":34,"column":19},"end":{"line":34,"column":25}},"line":34},"5":{"name":"(anonymous_5)","decl":{"start":{"line":35,"column":12},"end":{"line":35,"column":13}},"loc":{"start":{"line":35,"column":19},"end":{"line":35,"column":57}},"line":35},"6":{"name":"(anonymous_6)","decl":{"start":{"line":36,"column":12},"end":{"line":36,"column":13}},"loc":{"start":{"line":36,"column":19},"end":{"line":36,"column":83}},"line":36},"7":{"name":"(anonymous_7)","decl":{"start":{"line":37,"column":10},"end":{"line":37,"column":11}},"loc":{"start":{"line":37,"column":20},"end":{"line":40,"column":5}},"line":37},"8":{"name":"(anonymous_8)","decl":{"start":{"line":43,"column":27},"end":{"line":43,"column":28}},"loc":{"start":{"line":43,"column":38},"end":{"line":43,"column":54}},"line":43},"9":{"name":"(anonymous_9)","decl":{"start":{"line":45,"column":28},"end":{"line":45,"column":29}},"loc":{"start":{"line":46,"column":2},"end":{"line":46,"column":70}},"line":46}},"branchMap":{"0":{"loc":{"start":{"line":16,"column":31},"end":{"line":16,"column":75}},"type":"cond-expr","locations":[{"start":{"line":16,"column":52},"end":{"line":16,"column":68}},{"start":{"line":16,"column":71},"end":{"line":16,"column":75}}],"line":16},"1":{"loc":{"start":{"line":22,"column":2},"end":{"line":22,"column":15}},"type":"default-arg","locations":[{"start":{"line":22,"column":13},"end":{"line":22,"column":15}}],"line":22},"2":{"loc":{"start":{"line":23,"column":2},"end":{"line":23,"column":18}},"type":"default-arg","locations":[{"start":{"line":23,"column":16},"end":{"line":23,"column":18}}],"line":23},"3":{"loc":{"start":{"line":24,"column":2},"end":{"line":24,"column":23}},"type":"default-arg","locations":[{"start":{"line":24,"column":18},"end":{"line":24,"column":23}}],"line":24},"4":{"loc":{"start":{"line":25,"column":2},"end":{"line":25,"column":19}},"type":"default-arg","locations":[{"start":{"line":25,"column":14},"end":{"line":25,"column":19}}],"line":25},"5":{"loc":{"start":{"line":29,"column":4},"end":{"line":31,"column":44}},"type":"cond-expr","locations":[{"start":{"line":30,"column":8},"end":{"line":30,"column":38}},{"start":{"line":31,"column":8},"end":{"line":31,"column":44}}],"line":29},"6":{"loc":{"start":{"line":30,"column":8},"end":{"line":30,"column":38}},"type":"binary-expr","locations":[{"start":{"line":30,"column":8},"end":{"line":30,"column":31}},{"start":{"line":30,"column":35},"end":{"line":30,"column":38}}],"line":30},"7":{"loc":{"start":{"line":35,"column":19},"end":{"line":35,"column":57}},"type":"binary-expr","locations":[{"start":{"line":35,"column":19},"end":{"line":35,"column":21}},{"start":{"line":35,"column":25},"end":{"line":35,"column":57}}],"line":35},"8":{"loc":{"start":{"line":36,"column":19},"end":{"line":36,"column":83}},"type":"binary-expr","locations":[{"start":{"line":36,"column":19},"end":{"line":36,"column":42}},{"start":{"line":36,"column":46},"end":{"line":36,"column":83}}],"line":36},"9":{"loc":{"start":{"line":38,"column":6},"end":{"line":38,"column":103}},"type":"if","locations":[{"start":{"line":38,"column":6},"end":{"line":38,"column":103}},{"start":{},"end":{}}],"line":38},"10":{"loc":{"start":{"line":39,"column":13},"end":{"line":39,"column":88}},"type":"cond-expr","locations":[{"start":{"line":39,"column":35},"end":{"line":39,"column":60}},{"start":{"line":39,"column":63},"end":{"line":39,"column":88}}],"line":39},"11":{"loc":{"start":{"line":46,"column":2},"end":{"line":46,"column":70}},"type":"binary-expr","locations":[{"start":{"line":46,"column":2},"end":{"line":46,"column":18}},{"start":{"line":46,"column":22},"end":{"line":46,"column":70}}],"line":46}},"s":{"0":29,"1":57,"2":23,"3":23,"4":36,"5":23,"6":38,"7":37,"8":32,"9":21,"10":3,"11":18,"12":4,"13":62,"14":4,"15":44},"f":{"0":29,"1":57,"2":23,"3":36,"4":38,"5":37,"6":32,"7":21,"8":62,"9":44},"b":{"0":[29,28],"1":[0],"2":[5],"3":[0],"4":[0],"5":[2,34],"6":[2,0],"7":[37,7],"8":[32,3],"9":[3,18],"10":[13,5],"11":[44,1]},"_coverageSchema":"1a1c01bbd47fc00a2c39e90264f33305004495a9","hash":"4f3d5cc06fb66e95e5297544b1d4b817941e24b9"}
,"/Users/erlend_samset/Kode prosjekter-----/MatbutikkPriserApp/matpris/src/utils/ocr.js": {"path":"/Users/erlend_samset/Kode prosjekter-----/MatbutikkPriserApp/matpris/src/utils/ocr.js","statementMap":{"0":{"start":{"line":3,"column":23},"end":{"line":3,"column":64}},"1":{"start":{"line":4,"column":19},"end":{"line":4,"column":91}},"2":{"start":{"line":6,"column":21},"end":{"line":6,"column":39}},"3":{"start":{"line":8,"column":22},"end":{"line":20,"column":1}},"4":{"start":{"line":23,"column":2},"end":{"line":23,"column":36}},"5":{"start":{"line":23,"column":23},"end":{"line":23,"column":36}},"6":{"start":{"line":24,"column":2},"end":{"line":24,"column":44}},"7":{"start":{"line":24,"column":31},"end":{"line":24,"column":44}},"8":{"start":{"line":25,"column":2},"end":{"line":25,"column":44}},"9":{"start":{"line":25,"column":31},"end":{"line":25,"column":44}},"10":{"start":{"line":26,"column":2},"end":{"line":26,"column":80}},"11":{"start":{"line":26,"column":33},"end":{"line":26,"column":64}},"12":{"start":{"line":26,"column":67},"end":{"line":26,"column":80}},"13":{"start":{"line":27,"column":2},"end":{"line":27,"column":14}},"14":{"start":{"line":31,"column":17},"end":{"line":33,"column":4}},"15":{"start":{"line":35,"column":15},"end":{"line":42,"column":3}},"16":{"start":{"line":44,"column":19},"end":{"line":48,"column":4}},"17":{"start":{"line":50,"column":2},"end":{"line":52,"column":3}},"18":{"start":{"line":51,"column":4},"end":{"line":51,"column":61}},"19":{"start":{"line":54,"column":15},"end":{"line":54,"column":36}},"20":{"start":{"line":55,"column":18},"end":{"line":55,"column":78}},"21":{"start":{"line":56,"column":2},"end":{"line":56,"column":76}},"22":{"start":{"line":57,"column":2},"end":{"line":57,"column":35}},"23":{"start":{"line":61,"column":16},"end":{"line":61,"column":69}},"24":{"start":{"line":61,"column":44},"end":{"line":61,"column":52}},"25":{"start":{"line":62,"column":16},"end":{"line":62,"column":18}},"26":{"start":{"line":64,"column":20},"end":{"line":64,"column":39}},"27":{"start":{"line":65,"column":18},"end":{"line":65,"column":26}},"28":{"start":{"line":68,"column":21},"end":{"line":68,"column":23}},"29":{"start":{"line":69,"column":2},"end":{"line":80,"column":3}},"30":{"start":{"line":69,"column":15},"end":{"line":69,"column":16}},"31":{"start":{"line":70,"column":15},"end":{"line":70,"column":81}},"32":{"start":{"line":71,"column":4},"end":{"line":71,"column":22}},"33":{"start":{"line":71,"column":13},"end":{"line":71,"column":22}},"34":{"start":{"line":72,"column":15},"end":{"line":72,"column":50}},"35":{"start":{"line":73,"column":4},"end":{"line":73,"column":26}},"36":{"start":{"line":73,"column":17},"end":{"line":73,"column":26}},"37":{"start":{"line":74,"column":4},"end":{"line":79,"column":5}},"38":{"start":{"line":74,"column":17},"end":{"line":74,"column":22}},"39":{"start":{"line":75,"column":16},"end":{"line":75,"column":73}},"40":{"start":{"line":76,"column":6},"end":{"line":76,"column":38}},"41":{"start":{"line":76,"column":29},"end":{"line":76,"column":38}},"42":{"start":{"line":77,"column":6},"end":{"line":77,"column":39}},"43":{"start":{"line":78,"column":6},"end":{"line":78,"column":12}},"44":{"start":{"line":82,"column":24},"end":{"line":83,"column":51}},"45":{"start":{"line":83,"column":4},"end":{"line":83,"column":51}},"46":{"start":{"line":87,"column":23},"end":{"line":87,"column":66}},"47":{"start":{"line":88,"column":2},"end":{"line":99,"column":3}},"48":{"start":{"line":88,"column":15},"end":{"line":88,"column":16}},"49":{"start":{"line":89,"column":4},"end":{"line":98,"column":5}},"50":{"start":{"line":90,"column":18},"end":{"line":90,"column":56}},"51":{"start":{"line":91,"column":6},"end":{"line":91,"column":31}},"52":{"start":{"line":91,"column":22},"end":{"line":91,"column":31}},"53":{"start":{"line":92,"column":19},"end":{"line":92,"column":57}},"54":{"start":{"line":93,"column":6},"end":{"line":93,"column":41}},"55":{"start":{"line":93,"column":32},"end":{"line":93,"column":41}},"56":{"start":{"line":94,"column":23},"end":{"line":94,"column":41}},"57":{"start":{"line":95,"column":24},"end":{"line":95,"column":52}},"58":{"start":{"line":96,"column":6},"end":{"line":96,"column":72}},"59":{"start":{"line":96,"column":21},"end":{"line":96,"column":72}},"60":{"start":{"line":97,"column":6},"end":{"line":97,"column":62}},"61":{"start":{"line":101,"column":2},"end":{"line":101,"column":37}},"62":{"start":{"line":101,"column":24},"end":{"line":101,"column":37}},"63":{"start":{"line":104,"column":27},"end":{"line":104,"column":63}},"64":{"start":{"line":104,"column":45},"end":{"line":104,"column":62}},"65":{"start":{"line":105,"column":2},"end":{"line":128,"column":3}},"66":{"start":{"line":106,"column":4},"end":{"line":127,"column":5}},"67":{"start":{"line":106,"column":17},"end":{"line":106,"column":18}},"68":{"start":{"line":107,"column":19},"end":{"line":107,"column":27}},"69":{"start":{"line":108,"column":6},"end":{"line":108,"column":42}},"70":{"start":{"line":108,"column":33},"end":{"line":108,"column":42}},"71":{"start":{"line":110,"column":28},"end":{"line":110,"column":76}},"72":{"start":{"line":111,"column":6},"end":{"line":117,"column":7}},"73":{"start":{"line":112,"column":22},"end":{"line":112,"column":68}},"74":{"start":{"line":113,"column":21},"end":{"line":113,"column":63}},"75":{"start":{"line":114,"column":8},"end":{"line":115,"column":66}},"76":{"start":{"line":115,"column":10},"end":{"line":115,"column":66}},"77":{"start":{"line":116,"column":8},"end":{"line":116,"column":17}},"78":{"start":{"line":119,"column":6},"end":{"line":126,"column":7}},"79":{"start":{"line":120,"column":22},"end":{"line":120,"column":64}},"80":{"start":{"line":121,"column":21},"end":{"line":121,"column":51}},"81":{"start":{"line":122,"column":8},"end":{"line":125,"column":9}},"82":{"start":{"line":123,"column":10},"end":{"line":123,"column":66}},"83":{"start":{"line":124,"column":10},"end":{"line":124,"column":14}},"84":{"start":{"line":130,"column":2},"end":{"line":130,"column":37}},"85":{"start":{"line":130,"column":24},"end":{"line":130,"column":37}},"86":{"start":{"line":134,"column":23},"end":{"line":134,"column":73}},"87":{"start":{"line":134,"column":41},"end":{"line":134,"column":72}},"88":{"start":{"line":135,"column":2},"end":{"line":158,"column":3}},"89":{"start":{"line":136,"column":18},"end":{"line":136,"column":74}},"90":{"start":{"line":138,"column":29},"end":{"line":140,"column":5}},"91":{"start":{"line":139,"column":16},"end":{"line":139,"column":89}},"92":{"start":{"line":142,"column":4},"end":{"line":157,"column":5}},"93":{"start":{"line":143,"column":25},"end":{"line":143,"column":87}},"94":{"start":{"line":143,"column":69},"end":{"line":143,"column":86}},"95":{"start":{"line":146,"column":6},"end":{"line":156,"column":7}},"96":{"start":{"line":147,"column":31},"end":{"line":147,"column":95}},"97":{"start":{"line":147,"column":78},"end":{"line":147,"column":94}},"98":{"start":{"line":148,"column":22},"end":{"line":148,"column":50}},"99":{"start":{"line":149,"column":23},"end":{"line":149,"column":49}},"100":{"start":{"line":151,"column":8},"end":{"line":155,"column":9}},"101":{"start":{"line":151,"column":21},"end":{"line":151,"column":22}},"102":{"start":{"line":152,"column":27},"end":{"line":152,"column":66}},"103":{"start":{"line":153,"column":24},"end":{"line":153,"column":57}},"104":{"start":{"line":154,"column":10},"end":{"line":154,"column":63}},"105":{"start":{"line":154,"column":25},"end":{"line":154,"column":63}},"106":{"start":{"line":160,"column":2},"end":{"line":160,"column":37}},"107":{"start":{"line":160,"column":24},"end":{"line":160,"column":37}},"108":{"start":{"line":163,"column":2},"end":{"line":176,"column":3}},"109":{"start":{"line":164,"column":23},"end":{"line":164,"column":58}},"110":{"start":{"line":165,"column":4},"end":{"line":165,"column":30}},"111":{"start":{"line":165,"column":21},"end":{"line":165,"column":30}},"112":{"start":{"line":166,"column":18},"end":{"line":166,"column":61}},"113":{"start":{"line":167,"column":4},"end":{"line":167,"column":29}},"114":{"start":{"line":167,"column":20},"end":{"line":167,"column":29}},"115":{"start":{"line":168,"column":17},"end":{"line":173,"column":13}},"116":{"start":{"line":174,"column":4},"end":{"line":174,"column":39}},"117":{"start":{"line":174,"column":30},"end":{"line":174,"column":39}},"118":{"start":{"line":175,"column":4},"end":{"line":175,"column":60}},"119":{"start":{"line":178,"column":2},"end":{"line":178,"column":37}},"120":{"start":{"line":178,"column":24},"end":{"line":178,"column":37}},"121":{"start":{"line":181,"column":2},"end":{"line":189,"column":3}},"122":{"start":{"line":181,"column":15},"end":{"line":181,"column":16}},"123":{"start":{"line":182,"column":4},"end":{"line":182,"column":48}},"124":{"start":{"line":182,"column":39},"end":{"line":182,"column":48}},"125":{"start":{"line":183,"column":17},"end":{"line":183,"column":74}},"126":{"start":{"line":184,"column":4},"end":{"line":184,"column":39}},"127":{"start":{"line":184,"column":30},"end":{"line":184,"column":39}},"128":{"start":{"line":185,"column":18},"end":{"line":185,"column":60}},"129":{"start":{"line":186,"column":4},"end":{"line":186,"column":29}},"130":{"start":{"line":186,"column":20},"end":{"line":186,"column":29}},"131":{"start":{"line":187,"column":4},"end":{"line":187,"column":60}},"132":{"start":{"line":188,"column":4},"end":{"line":188,"column":8}},"133":{"start":{"line":191,"column":2},"end":{"line":191,"column":37}},"134":{"start":{"line":191,"column":24},"end":{"line":191,"column":37}},"135":{"start":{"line":194,"column":2},"end":{"line":196,"column":3}},"136":{"start":{"line":195,"column":4},"end":{"line":195,"column":32}},"137":{"start":{"line":198,"column":2},"end":{"line":198,"column":15}}},"fnMap":{"0":{"name":"isProductName","decl":{"start":{"line":22,"column":9},"end":{"line":22,"column":22}},"loc":{"start":{"line":22,"column":29},"end":{"line":28,"column":1}},"line":22},"1":{"name":"(anonymous_1)","decl":{"start":{"line":26,"column":25},"end":{"line":26,"column":26}},"loc":{"start":{"line":26,"column":33},"end":{"line":26,"column":64}},"line":26},"2":{"name":"runOCR","decl":{"start":{"line":30,"column":22},"end":{"line":30,"column":28}},"loc":{"start":{"line":30,"column":39},"end":{"line":58,"column":1}},"line":30},"3":{"name":"parseReceiptText","decl":{"start":{"line":60,"column":16},"end":{"line":60,"column":32}},"loc":{"start":{"line":60,"column":39},"end":{"line":199,"column":1}},"line":60},"4":{"name":"(anonymous_4)","decl":{"start":{"line":61,"column":37},"end":{"line":61,"column":38}},"loc":{"start":{"line":61,"column":44},"end":{"line":61,"column":52}},"line":61},"5":{"name":"(anonymous_5)","decl":{"start":{"line":82,"column":24},"end":{"line":82,"column":25}},"loc":{"start":{"line":83,"column":4},"end":{"line":83,"column":51}},"line":83},"6":{"name":"(anonymous_6)","decl":{"start":{"line":104,"column":38},"end":{"line":104,"column":39}},"loc":{"start":{"line":104,"column":45},"end":{"line":104,"column":62}},"line":104},"7":{"name":"(anonymous_7)","decl":{"start":{"line":134,"column":34},"end":{"line":134,"column":35}},"loc":{"start":{"line":134,"column":41},"end":{"line":134,"column":72}},"line":134},"8":{"name":"(anonymous_8)","decl":{"start":{"line":139,"column":6},"end":{"line":139,"column":7}},"loc":{"start":{"line":139,"column":16},"end":{"line":139,"column":89}},"line":139},"9":{"name":"(anonymous_9)","decl":{"start":{"line":143,"column":62},"end":{"line":143,"column":63}},"loc":{"start":{"line":143,"column":69},"end":{"line":143,"column":86}},"line":143},"10":{"name":"(anonymous_10)","decl":{"start":{"line":147,"column":71},"end":{"line":147,"column":72}},"loc":{"start":{"line":147,"column":78},"end":{"line":147,"column":94}},"line":147}},"branchMap":{"0":{"loc":{"start":{"line":23,"column":2},"end":{"line":23,"column":36}},"type":"if","locations":[{"start":{"line":23,"column":2},"end":{"line":23,"column":36}},{"start":{},"end":{}}],"line":23},"1":{"loc":{"start":{"line":24,"column":2},"end":{"line":24,"column":44}},"type":"if","locations":[{"start":{"line":24,"column":2},"end":{"line":24,"column":44}},{"start":{},"end":{}}],"line":24},"2":{"loc":{"start":{"line":25,"column":2},"end":{"line":25,"column":44}},"type":"if","locations":[{"start":{"line":25,"column":2},"end":{"line":25,"column":44}},{"start":{},"end":{}}],"line":25},"3":{"loc":{"start":{"line":26,"column":2},"end":{"line":26,"column":80}},"type":"if","locations":[{"start":{"line":26,"column":2},"end":{"line":26,"column":80}},{"start":{},"end":{}}],"line":26},"4":{"loc":{"start":{"line":50,"column":2},"end":{"line":52,"column":3}},"type":"if","locations":[{"start":{"line":50,"column":2},"end":{"line":52,"column":3}},{"start":{},"end":{}}],"line":50},"5":{"loc":{"start":{"line":55,"column":18},"end":{"line":55,"column":78}},"type":"binary-expr","locations":[{"start":{"line":55,"column":18},"end":{"line":55,"column":72}},{"start":{"line":55,"column":76},"end":{"line":55,"column":78}}],"line":55},"6":{"loc":{"start":{"line":71,"column":4},"end":{"line":71,"column":22}},"type":"if","locations":[{"start":{"line":71,"column":4},"end":{"line":71,"column":22}},{"start":{},"end":{}}],"line":71},"7":{"loc":{"start":{"line":73,"column":4},"end":{"line":73,"column":26}},"type":"if","locations":[{"start":{"line":73,"column":4},"end":{"line":73,"column":26}},{"start":{},"end":{}}],"line":73},"8":{"loc":{"start":{"line":76,"column":6},"end":{"line":76,"column":38}},"type":"if","locations":[{"start":{"line":76,"column":6},"end":{"line":76,"column":38}},{"start":{},"end":{}}],"line":76},"9":{"loc":{"start":{"line":83,"column":4},"end":{"line":83,"column":51}},"type":"binary-expr","locations":[{"start":{"line":83,"column":4},"end":{"line":83,"column":34}},{"start":{"line":83,"column":38},"end":{"line":83,"column":51}}],"line":83},"10":{"loc":{"start":{"line":89,"column":4},"end":{"line":98,"column":5}},"type":"if","locations":[{"start":{"line":89,"column":4},"end":{"line":98,"column":5}},{"start":{},"end":{}}],"line":89},"11":{"loc":{"start":{"line":89,"column":8},"end":{"line":89,"column":62}},"type":"binary-expr","locations":[{"start":{"line":89,"column":8},"end":{"line":89,"column":32}},{"start":{"line":89,"column":36},"end":{"line":89,"column":62}}],"line":89},"12":{"loc":{"start":{"line":91,"column":6},"end":{"line":91,"column":31}},"type":"if","locations":[{"start":{"line":91,"column":6},"end":{"line":91,"column":31}},{"start":{},"end":{}}],"line":91},"13":{"loc":{"start":{"line":93,"column":6},"end":{"line":93,"column":41}},"type":"if","locations":[{"start":{"line":93,"column":6},"end":{"line":93,"column":41}},{"start":{},"end":{}}],"line":93},"14":{"loc":{"start":{"line":94,"column":23},"end":{"line":94,"column":41}},"type":"binary-expr","locations":[{"start":{"line":94,"column":23},"end":{"line":94,"column":35}},{"start":{"line":94,"column":39},"end":{"line":94,"column":41}}],"line":94},"15":{"loc":{"start":{"line":96,"column":6},"end":{"line":96,"column":72}},"type":"if","locations":[{"start":{"line":96,"column":6},"end":{"line":96,"column":72}},{"start":{},"end":{}}],"line":96},"16":{"loc":{"start":{"line":101,"column":2},"end":{"line":101,"column":37}},"type":"if","locations":[{"start":{"line":101,"column":2},"end":{"line":101,"column":37}},{"start":{},"end":{}}],"line":101},"17":{"loc":{"start":{"line":105,"column":2},"end":{"line":128,"column":3}},"type":"if","locations":[{"start":{"line":105,"column":2},"end":{"line":128,"column":3}},{"start":{},"end":{}}],"line":105},"18":{"loc":{"start":{"line":108,"column":6},"end":{"line":108,"column":42}},"type":"if","locations":[{"start":{"line":108,"column":6},"end":{"line":108,"column":42}},{"start":{},"end":{}}],"line":108},"19":{"loc":{"start":{"line":111,"column":6},"end":{"line":117,"column":7}},"type":"if","locations":[{"start":{"line":111,"column":6},"end":{"line":117,"column":7}},{"start":{},"end":{}}],"line":111},"20":{"loc":{"start":{"line":114,"column":8},"end":{"line":115,"column":66}},"type":"if","locations":[{"start":{"line":114,"column":8},"end":{"line":115,"column":66}},{"start":{},"end":{}}],"line":114},"21":{"loc":{"start":{"line":114,"column":12},"end":{"line":114,"column":44}},"type":"binary-expr","locations":[{"start":{"line":114,"column":12},"end":{"line":114,"column":31}},{"start":{"line":114,"column":35},"end":{"line":114,"column":44}}],"line":114},"22":{"loc":{"start":{"line":119,"column":6},"end":{"line":126,"column":7}},"type":"if","locations":[{"start":{"line":119,"column":6},"end":{"line":126,"column":7}},{"start":{},"end":{}}],"line":119},"23":{"loc":{"start":{"line":119,"column":10},"end":{"line":119,"column":62}},"type":"binary-expr","locations":[{"start":{"line":119,"column":10},"end":{"line":119,"column":30}},{"start":{"line":119,"column":34},"end":{"line":119,"column":62}}],"line":119},"24":{"loc":{"start":{"line":122,"column":8},"end":{"line":125,"column":9}},"type":"if","locations":[{"start":{"line":122,"column":8},"end":{"line":125,"column":9}},{"start":{},"end":{}}],"line":122},"25":{"loc":{"start":{"line":122,"column":12},"end":{"line":122,"column":44}},"type":"binary-expr","locations":[{"start":{"line":122,"column":12},"end":{"line":122,"column":31}},{"start":{"line":122,"column":35},"end":{"line":122,"column":44}}],"line":122},"26":{"loc":{"start":{"line":130,"column":2},"end":{"line":130,"column":37}},"type":"if","locations":[{"start":{"line":130,"column":2},"end":{"line":130,"column":37}},{"start":{},"end":{}}],"line":130},"27":{"loc":{"start":{"line":135,"column":2},"end":{"line":158,"column":3}},"type":"if","locations":[{"start":{"line":135,"column":2},"end":{"line":158,"column":3}},{"start":{},"end":{}}],"line":135},"28":{"loc":{"start":{"line":139,"column":16},"end":{"line":139,"column":89}},"type":"binary-expr","locations":[{"start":{"line":139,"column":16},"end":{"line":139,"column":33}},{"start":{"line":139,"column":37},"end":{"line":139,"column":57}},{"start":{"line":139,"column":61},"end":{"line":139,"column":89}}],"line":139},"29":{"loc":{"start":{"line":142,"column":4},"end":{"line":157,"column":5}},"type":"if","locations":[{"start":{"line":142,"column":4},"end":{"line":157,"column":5}},{"start":{},"end":{}}],"line":142},"30":{"loc":{"start":{"line":146,"column":6},"end":{"line":156,"column":7}},"type":"if","locations":[{"start":{"line":146,"column":6},"end":{"line":156,"column":7}},{"start":{},"end":{}}],"line":146},"31":{"loc":{"start":{"line":154,"column":10},"end":{"line":154,"column":63}},"type":"if","locations":[{"start":{"line":154,"column":10},"end":{"line":154,"column":63}},{"start":{},"end":{}}],"line":154},"32":{"loc":{"start":{"line":160,"column":2},"end":{"line":160,"column":37}},"type":"if","locations":[{"start":{"line":160,"column":2},"end":{"line":160,"column":37}},{"start":{},"end":{}}],"line":160},"33":{"loc":{"start":{"line":165,"column":4},"end":{"line":165,"column":30}},"type":"if","locations":[{"start":{"line":165,"column":4},"end":{"line":165,"column":30}},{"start":{},"end":{}}],"line":165},"34":{"loc":{"start":{"line":167,"column":4},"end":{"line":167,"column":29}},"type":"if","locations":[{"start":{"line":167,"column":4},"end":{"line":167,"column":29}},{"start":{},"end":{}}],"line":167},"35":{"loc":{"start":{"line":174,"column":4},"end":{"line":174,"column":39}},"type":"if","locations":[{"start":{"line":174,"column":4},"end":{"line":174,"column":39}},{"start":{},"end":{}}],"line":174},"36":{"loc":{"start":{"line":178,"column":2},"end":{"line":178,"column":37}},"type":"if","locations":[{"start":{"line":178,"column":2},"end":{"line":178,"column":37}},{"start":{},"end":{}}],"line":178},"37":{"loc":{"start":{"line":182,"column":4},"end":{"line":182,"column":48}},"type":"if","locations":[{"start":{"line":182,"column":4},"end":{"line":182,"column":48}},{"start":{},"end":{}}],"line":182},"38":{"loc":{"start":{"line":184,"column":4},"end":{"line":184,"column":39}},"type":"if","locations":[{"start":{"line":184,"column":4},"end":{"line":184,"column":39}},{"start":{},"end":{}}],"line":184},"39":{"loc":{"start":{"line":186,"column":4},"end":{"line":186,"column":29}},"type":"if","locations":[{"start":{"line":186,"column":4},"end":{"line":186,"column":29}},{"start":{},"end":{}}],"line":186},"40":{"loc":{"start":{"line":191,"column":2},"end":{"line":191,"column":37}},"type":"if","locations":[{"start":{"line":191,"column":2},"end":{"line":191,"column":37}},{"start":{},"end":{}}],"line":191}},"s":{"0":1,"1":1,"2":1,"3":1,"4":27,"5":7,"6":20,"7":2,"8":18,"9":1,"10":17,"11":783,"12":5,"13":12,"14":0,"15":0,"16":0,"17":0,"18":0,"19":0,"20":0,"21":0,"22":0,"23":13,"24":39,"25":13,"26":13,"27":13,"28":13,"29":13,"30":13,"31":26,"32":26,"33":25,"34":1,"35":1,"36":0,"37":1,"38":1,"39":2,"40":2,"41":1,"42":1,"43":1,"44":13,"45":11,"46":13,"47":13,"48":13,"49":15,"50":3,"51":3,"52":1,"53":2,"54":2,"55":0,"56":2,"57":2,"58":2,"59":1,"60":2,"61":13,"62":2,"63":11,"64":28,"65":11,"66":3,"67":3,"68":4,"69":4,"70":0,"71":4,"72":4,"73":1,"74":1,"75":1,"76":1,"77":1,"78":3,"79":3,"80":3,"81":3,"82":3,"83":3,"84":11,"85":3,"86":8,"87":21,"88":8,"89":2,"90":2,"91":8,"92":2,"93":2,"94":4,"95":2,"96":1,"97":3,"98":1,"99":1,"100":1,"101":1,"102":2,"103":2,"104":2,"105":2,"106":8,"107":1,"108":7,"109":20,"110":20,"111":11,"112":9,"113":9,"114":1,"115":8,"116":8,"117":7,"118":1,"119":7,"120":1,"121":6,"122":6,"123":12,"124":4,"125":8,"126":8,"127":6,"128":2,"129":2,"130":0,"131":2,"132":2,"133":6,"134":2,"135":4,"136":0,"137":4},"f":{"0":27,"1":783,"2":0,"3":13,"4":39,"5":11,"6":28,"7":21,"8":8,"9":4,"10":3},"b":{"0":[7,20],"1":[2,18],"2":[1,17],"3":[5,12],"4":[0,0],"5":[0,0],"6":[25,1],"7":[0,1],"8":[1,1],"9":[11,10],"10":[3,12],"11":[15,9],"12":[1,2],"13":[0,2],"14":[2,1],"15":[1,1],"16":[2,11],"17":[3,8],"18":[0,4],"19":[1,3],"20":[1,0],"21":[1,1],"22":[3,0],"23":[3,3],"24":[3,0],"25":[3,3],"26":[3,8],"27":[2,6],"28":[8,2,2],"29":[2,0],"30":[1,1],"31":[2,0],"32":[1,7],"33":[11,9],"34":[1,8],"35":[7,1],"36":[1,6],"37":[4,8],"38":[6,2],"39":[0,2],"40":[2,4]},"_coverageSchema":"1a1c01bbd47fc00a2c39e90264f33305004495a9","hash":"f81a8590e9b81d520e9a8431a5c1697dbdfbc86f"}
}
