TN:
SF:App.js
FN:33,App
FN:42,(anonymous_1)
FN:45,(anonymous_2)
FN:51,(anonymous_3)
FN:56,(anonymous_4)
FN:62,(anonymous_5)
FN:63,(anonymous_6)
FN:65,(anonymous_7)
FN:68,(anonymous_8)
FN:74,(anonymous_9)
FN:111,(anonymous_10)
FNF:11
FNH:5
FNDA:8,App
FNDA:3,(anonymous_1)
FNDA:3,(anonymous_2)
FNDA:2,(anonymous_3)
FNDA:3,(anonymous_4)
FNDA:0,(anonymous_5)
FNDA:0,(anonymous_6)
FNDA:0,(anonymous_7)
FNDA:0,(anonymous_8)
FNDA:0,(anonymous_9)
FNDA:0,(anonymous_10)
DA:30,1
DA:31,1
DA:34,8
DA:35,8
DA:36,8
DA:37,8
DA:38,8
DA:39,8
DA:40,8
DA:42,8
DA:43,3
DA:45,3
DA:46,3
DA:47,3
DA:48,3
DA:51,3
DA:52,2
DA:53,2
DA:56,3
DA:57,3
DA:58,3
DA:62,8
DA:63,0
DA:64,0
DA:65,0
DA:68,8
DA:69,0
DA:70,0
DA:71,0
DA:74,8
DA:75,0
DA:76,0
DA:79,8
DA:80,3
DA:83,5
DA:84,3
DA:91,2
DA:111,0
DA:126,1
LF:39
LH:30
BRDA:46,0,0,0
BRDA:46,0,1,3
BRDA:79,1,0,3
BRDA:79,1,1,5
BRDA:83,2,0,3
BRDA:83,2,1,2
BRF:6
BRH:5
end_of_record
TN:
SF:src/components/BottomNav.js
FN:22,BottomNav
FN:25,(anonymous_1)
FN:31,(anonymous_2)
FNF:3
FNH:3
FNDA:5,BottomNav
FNDA:20,(anonymous_1)
FNDA:1,(anonymous_2)
DA:15,2
DA:23,5
DA:26,20
DA:27,20
DA:31,1
DA:49,2
LF:6
LH:6
BRDA:37,0,0,5
BRDA:37,0,1,15
BRF:2
BRH:2
end_of_record
TN:
SF:src/components/ProductCard.js
FN:16,ProductCard
FNF:1
FNH:1
FNDA:13,ProductCard
DA:17,13
DA:18,13
DA:20,13
DA:23,13
DA:24,13
DA:26,13
DA:61,2
LF:7
LH:7
BRDA:20,0,0,1
BRDA:20,0,1,12
BRDA:37,1,0,12
BRDA:37,1,1,1
BRDA:50,2,0,13
BRDA:50,2,1,12
BRDA:50,2,2,8
BRF:7
BRH:7
end_of_record
TN:
SF:src/components/ProductDetail.js
FN:18,ProductDetail
FN:23,(anonymous_1)
FN:28,(anonymous_2)
FN:61,(anonymous_3)
FNF:4
FNH:3
FNDA:12,ProductDetail
FNDA:8,(anonymous_1)
FNDA:0,(anonymous_2)
FNDA:12,(anonymous_3)
DA:19,12
DA:21,4
DA:22,4
DA:23,8
DA:25,4
DA:28,0
DA:62,12
DA:63,12
DA:64,12
DA:66,12
DA:104,2
LF:11
LH:10
BRDA:19,0,0,8
BRDA:19,0,1,4
BRDA:70,1,0,4
BRDA:70,1,1,8
BRDA:71,2,0,4
BRDA:71,2,1,8
BRDA:76,3,0,12
BRDA:76,3,1,4
BRDA:79,4,0,12
BRDA:79,4,1,4
BRDA:87,5,0,12
BRDA:87,5,1,4
BRDA:90,6,0,12
BRDA:90,6,1,8
BRF:14
BRH:14
end_of_record
TN:
SF:src/components/StoreFilter.js
FN:17,(anonymous_0)
FN:20,StoreFilter
FN:28,(anonymous_2)
FN:34,(anonymous_3)
FNF:4
FNH:3
FNDA:9,(anonymous_0)
FNDA:8,StoreFilter
FNDA:80,(anonymous_2)
FNDA:0,(anonymous_3)
DA:15,1
DA:17,9
DA:21,8
DA:29,80
DA:30,80
DA:34,0
DA:46,1
LF:7
LH:6
BRDA:33,0,0,8
BRDA:33,0,1,72
BRDA:36,1,0,8
BRDA:36,1,1,72
BRF:4
BRH:4
end_of_record
TN:
SF:src/screens/HomeScreen.js
FN:26,HomeScreen
FN:34,(anonymous_1)
FN:36,(anonymous_2)
FN:63,(anonymous_3)
FN:106,(anonymous_4)
FN:110,(anonymous_5)
FN:128,(anonymous_6)
FN:131,(anonymous_7)
FN:135,(anonymous_8)
FN:156,(anonymous_9)
FNF:10
FNH:8
FNDA:8,HomeScreen
FNDA:3,(anonymous_1)
FNDA:3,(anonymous_2)
FNDA:8,(anonymous_3)
FNDA:24,(anonymous_4)
FNDA:1,(anonymous_5)
FNDA:13,(anonymous_6)
FNDA:9,(anonymous_7)
FNDA:0,(anonymous_8)
FNDA:0,(anonymous_9)
DA:27,8
DA:28,8
DA:29,8
DA:30,8
DA:31,8
DA:32,8
DA:34,8
DA:36,8
DA:37,3
DA:38,3
DA:42,3
DA:43,0
DA:44,0
DA:45,0
DA:48,3
DA:49,3
DA:50,9
DA:51,9
DA:52,9
DA:53,6
DA:55,9
DA:58,3
DA:59,3
DA:62,8
DA:63,8
DA:67,8
DA:73,8
DA:77,8
DA:107,24
DA:110,1
DA:128,13
DA:132,9
DA:135,0
DA:156,0
DA:162,1
LF:35
LH:30
BRDA:42,0,0,0
BRDA:42,0,1,3
BRDA:51,1,0,0
BRDA:51,1,1,9
BRDA:52,2,0,6
BRDA:52,2,1,3
BRDA:73,3,0,3
BRDA:73,3,1,5
BRDA:109,4,0,24
BRDA:109,4,1,8
BRDA:112,5,0,24
BRDA:112,5,1,8
BRDA:119,6,0,8
BRDA:119,6,1,5
BRDA:121,7,0,1
BRDA:121,7,1,4
BRDA:140,8,0,3
BRDA:140,8,1,5
BRF:18
BRH:16
end_of_record
TN:
SF:src/screens/ScanScreen.js
FN:34,(anonymous_0)
FN:37,levenshtein
FN:39,(anonymous_2)
FN:39,(anonymous_3)
FN:47,fuzzyFind
FN:57,ScanScreen
FN:70,(anonymous_6)
FN:88,(anonymous_7)
FN:93,(anonymous_8)
FN:162,(anonymous_9)
FN:166,(anonymous_10)
FN:176,(anonymous_11)
FN:179,(anonymous_12)
FN:180,(anonymous_13)
FN:208,(anonymous_14)
FN:209,(anonymous_15)
FN:210,(anonymous_16)
FN:216,(anonymous_17)
FN:225,(anonymous_18)
FN:290,(anonymous_19)
FN:308,(anonymous_20)
FN:312,(anonymous_21)
FN:327,(anonymous_22)
FN:339,(anonymous_23)
FN:363,(anonymous_24)
FN:397,(anonymous_25)
FNF:26
FNH:7
FNDA:0,(anonymous_0)
FNDA:0,levenshtein
FNDA:0,(anonymous_2)
FNDA:0,(anonymous_3)
FNDA:0,fuzzyFind
FNDA:9,ScanScreen
FNDA:2,(anonymous_6)
FNDA:1,(anonymous_7)
FNDA:0,(anonymous_8)
FNDA:0,(anonymous_9)
FNDA:0,(anonymous_10)
FNDA:0,(anonymous_11)
FNDA:0,(anonymous_12)
FNDA:0,(anonymous_13)
FNDA:0,(anonymous_14)
FNDA:0,(anonymous_15)
FNDA:0,(anonymous_16)
FNDA:0,(anonymous_17)
FNDA:6,(anonymous_18)
FNDA:0,(anonymous_19)
FNDA:18,(anonymous_20)
FNDA:1,(anonymous_21)
FNDA:0,(anonymous_22)
FNDA:2,(anonymous_23)
FNDA:0,(anonymous_24)
FNDA:0,(anonymous_25)
DA:28,1
DA:29,1
DA:30,1
DA:31,1
DA:32,1
DA:34,1
DA:35,0
DA:38,0
DA:39,0
DA:40,0
DA:41,0
DA:42,0
DA:43,0
DA:44,0
DA:48,0
DA:49,0
DA:50,0
DA:51,0
DA:52,0
DA:54,0
DA:58,9
DA:59,9
DA:60,9
DA:61,9
DA:62,9
DA:63,9
DA:64,9
DA:65,9
DA:67,9
DA:68,9
DA:70,9
DA:71,2
DA:72,2
DA:73,2
DA:74,2
DA:75,2
DA:76,2
DA:77,2
DA:78,2
DA:79,2
DA:80,2
DA:82,0
DA:84,2
DA:88,9
DA:89,1
DA:90,1
DA:93,9
DA:94,0
DA:96,0
DA:97,0
DA:99,0
DA:112,0
DA:114,0
DA:118,0
DA:119,0
DA:120,0
DA:123,0
DA:125,0
DA:126,0
DA:127,0
DA:129,0
DA:131,0
DA:132,0
DA:133,0
DA:140,0
DA:146,0
DA:147,0
DA:148,0
DA:150,0
DA:157,0
DA:160,0
DA:161,0
DA:162,0
DA:163,0
DA:166,9
DA:167,0
DA:169,0
DA:171,0
DA:172,0
DA:176,0
DA:177,0
DA:179,0
DA:180,0
DA:184,0
DA:185,0
DA:186,0
DA:189,0
DA:194,0
DA:195,0
DA:196,0
DA:199,0
DA:200,0
DA:201,0
DA:202,0
DA:203,0
DA:206,0
DA:207,0
DA:208,0
DA:209,0
DA:210,0
DA:212,0
DA:213,0
DA:216,9
DA:217,0
DA:218,0
DA:219,0
DA:220,0
DA:221,0
DA:222,0
DA:225,9
DA:227,9
DA:228,6
DA:229,0
DA:231,6
DA:232,1
DA:246,5
DA:287,3
DA:288,2
DA:290,0
DA:309,18
DA:312,1
DA:323,1
DA:324,1
DA:325,1
DA:327,0
DA:340,2
DA:361,0
DA:362,0
DA:363,0
DA:365,0
DA:369,0
DA:398,0
DA:399,0
DA:400,0
DA:401,0
DA:430,1
LF:136
LH:49
BRDA:39,0,0,0
BRDA:39,0,1,0
BRDA:43,1,0,0
BRDA:43,1,1,0
BRDA:52,2,0,0
BRDA:52,2,1,0
BRDA:52,3,0,0
BRDA:52,3,1,0
BRDA:71,4,0,0
BRDA:71,4,1,2
BRDA:97,5,0,0
BRDA:97,5,1,0
BRDA:112,6,0,0
BRDA:112,6,1,0
BRDA:112,7,0,0
BRDA:112,7,1,0
BRDA:119,8,0,0
BRDA:119,8,1,0
BRDA:127,9,0,0
BRDA:127,9,1,0
BRDA:129,10,0,0
BRDA:129,10,1,0
BRDA:131,11,0,0
BRDA:131,11,1,0
BRDA:146,12,0,0
BRDA:146,12,1,0
BRDA:160,13,0,0
BRDA:160,13,1,0
BRDA:166,14,0,0
BRDA:171,15,0,0
BRDA:171,15,1,0
BRDA:178,16,0,0
BRDA:178,16,1,0
BRDA:184,17,0,0
BRDA:184,17,1,0
BRDA:194,18,0,0
BRDA:194,18,1,0
BRDA:194,19,0,0
BRDA:194,19,1,0
BRDA:202,20,0,0
BRDA:202,20,1,0
BRDA:203,21,0,0
BRDA:203,21,1,0
BRDA:227,22,0,6
BRDA:227,22,1,3
BRDA:228,23,0,0
BRDA:228,23,1,6
BRDA:231,24,0,1
BRDA:231,24,1,5
BRDA:268,25,0,2
BRDA:268,25,1,3
BRDA:287,26,0,2
BRDA:287,26,1,1
BRDA:294,27,0,2
BRDA:294,27,1,2
BRDA:296,28,0,2
BRDA:296,28,1,0
BRDA:302,29,0,2
BRDA:302,29,1,0
BRDA:323,30,0,1
BRDA:323,30,1,0
BRDA:331,31,0,1
BRDA:331,31,1,1
BRDA:365,32,0,0
BRDA:365,32,1,0
BRDA:365,33,0,0
BRDA:365,33,1,0
BRDA:365,33,2,0
BRDA:383,34,0,0
BRDA:383,34,1,0
BRDA:385,35,0,0
BRDA:385,35,1,0
BRDA:389,36,0,0
BRDA:389,36,1,0
BRDA:404,37,0,0
BRDA:404,37,1,0
BRDA:409,38,0,0
BRDA:409,38,1,0
BRDA:410,39,0,0
BRDA:410,39,1,0
BRDA:410,39,2,0
BRDA:414,40,0,0
BRDA:414,40,1,0
BRF:83
BRH:17
end_of_record
TN:
SF:src/utils/constants.js
FNF:0
FNH:0
DA:11,7
DA:23,7
LF:2
LH:2
BRF:0
BRH:0
end_of_record
TN:
SF:src/utils/helpers.js
FN:14,getCheapestStore
FN:16,(anonymous_1)
FN:21,getFilteredProducts
FN:29,(anonymous_3)
FN:35,(anonymous_4)
FN:36,(anonymous_5)
FN:37,(anonymous_6)
FN:38,(anonymous_7)
FN:39,(anonymous_8)
FN:45,(anonymous_9)
FN:47,(anonymous_10)
FNF:11
FNH:11
FNDA:19,getCheapestStore
FNDA:42,(anonymous_1)
FNDA:14,getFilteredProducts
FNDA:26,(anonymous_3)
FNDA:26,(anonymous_4)
FNDA:25,(anonymous_5)
FNDA:22,(anonymous_6)
FNDA:22,(anonymous_7)
FNDA:16,(anonymous_8)
FNDA:48,(anonymous_9)
FNDA:32,(anonymous_10)
DA:15,19
DA:16,42
DA:28,14
DA:29,14
DA:30,26
DA:34,14
DA:35,26
DA:36,25
DA:37,22
DA:38,22
DA:40,16
DA:41,13
DA:45,48
DA:47,4
DA:48,32
LF:15
LH:15
BRDA:16,0,0,19
BRDA:16,0,1,23
BRDA:22,1,0,0
BRDA:23,2,0,5
BRDA:24,3,0,0
BRDA:25,4,0,13
BRDA:26,5,0,0
BRDA:30,6,0,0
BRDA:30,6,1,26
BRDA:31,7,0,0
BRDA:31,7,1,0
BRDA:36,8,0,25
BRDA:36,8,1,5
BRDA:36,8,2,3
BRDA:36,9,0,3
BRDA:36,9,1,0
BRDA:37,10,0,22
BRDA:37,10,1,1
BRDA:38,11,0,22
BRDA:38,11,1,1
BRDA:40,12,0,3
BRDA:40,12,1,13
BRDA:41,13,0,9
BRDA:41,13,1,4
BRDA:48,14,0,32
BRDA:48,14,1,1
BRF:26
BRH:19
end_of_record
TN:
SF:src/utils/ocr.js
FN:22,isProductName
FN:26,(anonymous_1)
FN:30,runOCR
FN:60,parseReceiptText
FN:61,(anonymous_4)
FN:82,(anonymous_5)
FN:104,(anonymous_6)
FN:134,(anonymous_7)
FN:139,(anonymous_8)
FN:143,(anonymous_9)
FN:147,(anonymous_10)
FNF:11
FNH:10
FNDA:27,isProductName
FNDA:783,(anonymous_1)
FNDA:0,runOCR
FNDA:13,parseReceiptText
FNDA:39,(anonymous_4)
FNDA:11,(anonymous_5)
FNDA:28,(anonymous_6)
FNDA:21,(anonymous_7)
FNDA:8,(anonymous_8)
FNDA:4,(anonymous_9)
FNDA:3,(anonymous_10)
DA:3,1
DA:4,1
DA:6,1
DA:8,1
DA:23,27
DA:24,20
DA:25,18
DA:26,783
DA:27,12
DA:31,0
DA:35,0
DA:44,0
DA:50,0
DA:51,0
DA:54,0
DA:55,0
DA:56,0
DA:57,0
DA:61,39
DA:62,13
DA:64,13
DA:65,13
DA:68,13
DA:69,13
DA:70,26
DA:71,26
DA:72,1
DA:73,1
DA:74,1
DA:75,2
DA:76,2
DA:77,1
DA:78,1
DA:82,13
DA:83,11
DA:87,13
DA:88,13
DA:89,15
DA:90,3
DA:91,3
DA:92,2
DA:93,2
DA:94,2
DA:95,2
DA:96,2
DA:97,2
DA:101,13
DA:104,28
DA:105,11
DA:106,3
DA:107,4
DA:108,4
DA:110,4
DA:111,4
DA:112,1
DA:113,1
DA:114,1
DA:115,1
DA:116,1
DA:119,3
DA:120,3
DA:121,3
DA:122,3
DA:123,3
DA:124,3
DA:130,11
DA:134,21
DA:135,8
DA:136,2
DA:138,2
DA:139,8
DA:142,2
DA:143,4
DA:146,2
DA:147,3
DA:148,1
DA:149,1
DA:151,1
DA:152,2
DA:153,2
DA:154,2
DA:160,8
DA:163,7
DA:164,20
DA:165,20
DA:166,9
DA:167,9
DA:168,8
DA:174,8
DA:175,1
DA:178,7
DA:181,6
DA:182,12
DA:183,8
DA:184,8
DA:185,2
DA:186,2
DA:187,2
DA:188,2
DA:191,6
DA:194,4
DA:195,0
DA:198,4
LF:103
LH:93
BRDA:23,0,0,7
BRDA:23,0,1,20
BRDA:24,1,0,2
BRDA:24,1,1,18
BRDA:25,2,0,1
BRDA:25,2,1,17
BRDA:26,3,0,5
BRDA:26,3,1,12
BRDA:50,4,0,0
BRDA:50,4,1,0
BRDA:55,5,0,0
BRDA:55,5,1,0
BRDA:71,6,0,25
BRDA:71,6,1,1
BRDA:73,7,0,0
BRDA:73,7,1,1
BRDA:76,8,0,1
BRDA:76,8,1,1
BRDA:83,9,0,11
BRDA:83,9,1,10
BRDA:89,10,0,3
BRDA:89,10,1,12
BRDA:89,11,0,15
BRDA:89,11,1,9
BRDA:91,12,0,1
BRDA:91,12,1,2
BRDA:93,13,0,0
BRDA:93,13,1,2
BRDA:94,14,0,2
BRDA:94,14,1,1
BRDA:96,15,0,1
BRDA:96,15,1,1
BRDA:101,16,0,2
BRDA:101,16,1,11
BRDA:105,17,0,3
BRDA:105,17,1,8
BRDA:108,18,0,0
BRDA:108,18,1,4
BRDA:111,19,0,1
BRDA:111,19,1,3
BRDA:114,20,0,1
BRDA:114,20,1,0
BRDA:114,21,0,1
BRDA:114,21,1,1
BRDA:119,22,0,3
BRDA:119,22,1,0
BRDA:119,23,0,3
BRDA:119,23,1,3
BRDA:122,24,0,3
BRDA:122,24,1,0
BRDA:122,25,0,3
BRDA:122,25,1,3
BRDA:130,26,0,3
BRDA:130,26,1,8
BRDA:135,27,0,2
BRDA:135,27,1,6
BRDA:139,28,0,8
BRDA:139,28,1,2
BRDA:139,28,2,2
BRDA:142,29,0,2
BRDA:142,29,1,0
BRDA:146,30,0,1
BRDA:146,30,1,1
BRDA:154,31,0,2
BRDA:154,31,1,0
BRDA:160,32,0,1
BRDA:160,32,1,7
BRDA:165,33,0,11
BRDA:165,33,1,9
BRDA:167,34,0,1
BRDA:167,34,1,8
BRDA:174,35,0,7
BRDA:174,35,1,1
BRDA:178,36,0,1
BRDA:178,36,1,6
BRDA:182,37,0,4
BRDA:182,37,1,8
BRDA:184,38,0,6
BRDA:184,38,1,2
BRDA:186,39,0,0
BRDA:186,39,1,2
BRDA:191,40,0,2
BRDA:191,40,1,4
BRF:83
BRH:70
end_of_record
